<?xml version="1.0" encoding="UTF-8"?>
<!-- Generated by org.testng.reporters.JUnitXMLReporter -->
<testsuite ignored="0" hostname="DESKTOP-VR22DQU" failures="0" tests="28" name="Default test" time="0.428" errors="0" timestamp="2025-03-01T14:32:05 IST">
  <testcase classname="TestClass.Login_and_Add_DeleteUserTest" name="@BeforeTest OpenBrowser" time="-1.740819724957E9">
    <failure type="org.testng.TestNGException" message="
Parameter &amp;apos;browser&amp;apos; is required by BeforeTest on method OpenBrowser but has not been marked @Optional or defined
in C:\Users\XEEDO\AppData\Local\Temp\testng-eclipse-1220038223\testng-customsuite.xml">
      <![CDATA[org.testng.TestNGException: 
Parameter 'browser' is required by BeforeTest on method OpenBrowser but has not been marked @Optional or defined
in C:\Users\XEEDO\AppData\Local\Temp\testng-eclipse-1220038223\testng-customsuite.xml
at org.testng.internal.Parameters.createParams(Parameters.java:270)
at org.testng.internal.Parameters.createParametersForMethod(Parameters.java:358)
at org.testng.internal.Parameters.createParameters(Parameters.java:700)
at org.testng.internal.Parameters.createConfigurationParameters(Parameters.java:168)
at org.testng.internal.ConfigInvoker.invokeConfigurations(ConfigInvoker.java:302)
at org.testng.TestRunner.invokeTestConfigurations(TestRunner.java:637)
at org.testng.TestRunner.beforeRun(TestRunner.java:627)
at org.testng.TestRunner.run(TestRunner.java:589)
at org.testng.SuiteRunner.runTest(SuiteRunner.java:377)
at org.testng.SuiteRunner.runSequentially(SuiteRunner.java:371)
at org.testng.SuiteRunner.privateRun(SuiteRunner.java:332)
at org.testng.SuiteRunner.run(SuiteRunner.java:276)
at org.testng.SuiteRunnerWorker.runSuite(SuiteRunnerWorker.java:53)
at org.testng.SuiteRunnerWorker.run(SuiteRunnerWorker.java:96)
at org.testng.TestNG.runSuitesSequentially(TestNG.java:1212)
at org.testng.TestNG.runSuitesLocally(TestNG.java:1134)
at org.testng.TestNG.runSuites(TestNG.java:1063)
at org.testng.TestNG.run(TestNG.java:1031)
at org.testng.remote.AbstractRemoteTestNG.run(AbstractRemoteTestNG.java:115)
at org.testng.remote.RemoteTestNG.initAndRun(RemoteTestNG.java:293)
at org.testng.remote.RemoteTestNG.main(RemoteTestNG.java:91)
]]>
    </failure>
  </testcase> <!-- @BeforeTest OpenBrowser -->
  <testcase classname="TestClass.Login_and_Add_DeleteUserTest" name="@BeforeClass createPOMObject" time="-1.740819724998E9">
    <skipped/>
  </testcase> <!-- @BeforeClass createPOMObject -->
  <testcase classname="TestClass.Login_and_Add_DeleteUserTest" name="@BeforeMethod Open_the_Application" time="-1.740819725032E9">
    <skipped/>
  </testcase> <!-- @BeforeMethod Open_the_Application -->
  <testcase classname="TestClass.Login_and_Add_DeleteUserTest" name="@AfterMethod afterMethod" time="-1.74081972505E9">
    <skipped/>
  </testcase> <!-- @AfterMethod afterMethod -->
  <testcase classname="TestClass.Login_and_Add_DeleteUserTest" name="@BeforeMethod Open_the_Application" time="-1.740819725063E9">
    <skipped/>
  </testcase> <!-- @BeforeMethod Open_the_Application -->
  <testcase classname="TestClass.Login_and_Add_DeleteUserTest" name="@AfterMethod afterMethod" time="-1.740819725075E9">
    <skipped/>
  </testcase> <!-- @AfterMethod afterMethod -->
  <testcase classname="TestClass.Login_and_Add_DeleteUserTest" name="@BeforeMethod Open_the_Application" time="-1.740819725082E9">
    <skipped/>
  </testcase> <!-- @BeforeMethod Open_the_Application -->
  <testcase classname="TestClass.Login_and_Add_DeleteUserTest" name="@AfterMethod afterMethod" time="-1.740819725095E9">
    <skipped/>
  </testcase> <!-- @AfterMethod afterMethod -->
  <testcase classname="TestClass.Login_and_Add_DeleteUserTest" name="@BeforeMethod Open_the_Application" time="-1.740819725101E9">
    <skipped/>
  </testcase> <!-- @BeforeMethod Open_the_Application -->
  <testcase classname="TestClass.Login_and_Add_DeleteUserTest" name="@AfterMethod afterMethod" time="-1.740819725108E9">
    <skipped/>
  </testcase> <!-- @AfterMethod afterMethod -->
  <testcase classname="TestClass.Login_and_Add_DeleteUserTest" name="@BeforeMethod Open_the_Application" time="-1.74081972511E9">
    <skipped/>
  </testcase> <!-- @BeforeMethod Open_the_Application -->
  <testcase classname="TestClass.Login_and_Add_DeleteUserTest" name="@AfterMethod afterMethod" time="-1.74081972512E9">
    <skipped/>
  </testcase> <!-- @AfterMethod afterMethod -->
  <testcase classname="TestClass.Login_and_Add_DeleteUserTest" name="@BeforeMethod Open_the_Application" time="-1.740819725123E9">
    <skipped/>
  </testcase> <!-- @BeforeMethod Open_the_Application -->
  <testcase classname="TestClass.Login_and_Add_DeleteUserTest" name="@AfterMethod afterMethod" time="-1.74081972513E9">
    <skipped/>
  </testcase> <!-- @AfterMethod afterMethod -->
  <testcase classname="TestClass.Login_and_Add_DeleteUserTest" name="@BeforeMethod Open_the_Application" time="-1.740819725132E9">
    <skipped/>
  </testcase> <!-- @BeforeMethod Open_the_Application -->
  <testcase classname="TestClass.Login_and_Add_DeleteUserTest" name="@AfterMethod afterMethod" time="-1.740819725138E9">
    <skipped/>
  </testcase> <!-- @AfterMethod afterMethod -->
  <testcase classname="TestClass.Login_and_Add_DeleteUserTest" name="@BeforeMethod Open_the_Application" time="-1.740819725142E9">
    <skipped/>
  </testcase> <!-- @BeforeMethod Open_the_Application -->
  <testcase classname="TestClass.Login_and_Add_DeleteUserTest" name="@AfterMethod afterMethod" time="-1.740819725147E9">
    <skipped/>
  </testcase> <!-- @AfterMethod afterMethod -->
  <testcase classname="TestClass.Login_and_Add_DeleteUserTest" name="@BeforeMethod Open_the_Application" time="-1.740819725152E9">
    <skipped/>
  </testcase> <!-- @BeforeMethod Open_the_Application -->
  <testcase classname="TestClass.Login_and_Add_DeleteUserTest" name="@AfterMethod afterMethod" time="-1.74081972516E9">
    <skipped/>
  </testcase> <!-- @AfterMethod afterMethod -->
  <testcase classname="TestClass.Login_and_Add_DeleteUserTest" name="@BeforeMethod Open_the_Application" time="-1.740819725168E9">
    <skipped/>
  </testcase> <!-- @BeforeMethod Open_the_Application -->
  <testcase classname="TestClass.Login_and_Add_DeleteUserTest" name="@AfterMethod afterMethod" time="-1.740819725179E9">
    <skipped/>
  </testcase> <!-- @AfterMethod afterMethod -->
  <testcase classname="TestClass.Login_and_Add_DeleteUserTest" name="@BeforeMethod Open_the_Application" time="-1.740819725187E9">
    <skipped/>
  </testcase> <!-- @BeforeMethod Open_the_Application -->
  <testcase classname="TestClass.Login_and_Add_DeleteUserTest" name="@AfterMethod afterMethod" time="-1.740819725195E9">
    <skipped/>
  </testcase> <!-- @AfterMethod afterMethod -->
  <testcase classname="TestClass.Login_and_Add_DeleteUserTest" name="@BeforeMethod Open_the_Application" time="-1.7408197252E9">
    <skipped/>
  </testcase> <!-- @BeforeMethod Open_the_Application -->
  <testcase classname="TestClass.Login_and_Add_DeleteUserTest" name="@AfterMethod afterMethod" time="-1.740819725206E9">
    <skipped/>
  </testcase> <!-- @AfterMethod afterMethod -->
  <testcase classname="TestClass.Login_and_Add_DeleteUserTest" name="@BeforeMethod Open_the_Application" time="-1.740819725208E9">
    <skipped/>
  </testcase> <!-- @BeforeMethod Open_the_Application -->
  <testcase classname="TestClass.Login_and_Add_DeleteUserTest" name="@AfterMethod afterMethod" time="-1.740819725213E9">
    <skipped/>
  </testcase> <!-- @AfterMethod afterMethod -->
  <testcase classname="TestClass.Login_and_Add_DeleteUserTest" name="@BeforeMethod Open_the_Application" time="-1.740819725218E9">
    <skipped/>
  </testcase> <!-- @BeforeMethod Open_the_Application -->
  <testcase classname="TestClass.Login_and_Add_DeleteUserTest" name="@AfterMethod afterMethod" time="-1.740819725222E9">
    <skipped/>
  </testcase> <!-- @AfterMethod afterMethod -->
  <testcase classname="TestClass.Login_and_Add_DeleteUserTest" name="@BeforeMethod Open_the_Application" time="-1.740819725226E9">
    <skipped/>
  </testcase> <!-- @BeforeMethod Open_the_Application -->
  <testcase classname="TestClass.Login_and_Add_DeleteUserTest" name="@AfterMethod afterMethod" time="-1.740819725231E9">
    <skipped/>
  </testcase> <!-- @AfterMethod afterMethod -->
  <testcase classname="TestClass.Login_and_Add_DeleteUserTest" name="@BeforeMethod Open_the_Application" time="-1.740819725234E9">
    <skipped/>
  </testcase> <!-- @BeforeMethod Open_the_Application -->
  <testcase classname="TestClass.Login_and_Add_DeleteUserTest" name="@AfterMethod afterMethod" time="-1.74081972524E9">
    <skipped/>
  </testcase> <!-- @AfterMethod afterMethod -->
  <testcase classname="TestClass.Login_and_Add_DeleteUserTest" name="@BeforeMethod Open_the_Application" time="-1.740819725244E9">
    <skipped/>
  </testcase> <!-- @BeforeMethod Open_the_Application -->
  <testcase classname="TestClass.Login_and_Add_DeleteUserTest" name="@AfterMethod afterMethod" time="-1.740819725251E9">
    <skipped/>
  </testcase> <!-- @AfterMethod afterMethod -->
  <testcase classname="TestClass.Login_and_Add_DeleteUserTest" name="@BeforeMethod Open_the_Application" time="-1.740819725256E9">
    <skipped/>
  </testcase> <!-- @BeforeMethod Open_the_Application -->
  <testcase classname="TestClass.Login_and_Add_DeleteUserTest" name="@AfterMethod afterMethod" time="-1.740819725262E9">
    <skipped/>
  </testcase> <!-- @AfterMethod afterMethod -->
  <testcase classname="TestClass.Login_and_Add_DeleteUserTest" name="@BeforeMethod Open_the_Application" time="-1.740819725264E9">
    <skipped/>
  </testcase> <!-- @BeforeMethod Open_the_Application -->
  <testcase classname="TestClass.Login_and_Add_DeleteUserTest" name="@AfterMethod afterMethod" time="-1.740819725269E9">
    <skipped/>
  </testcase> <!-- @AfterMethod afterMethod -->
  <testcase classname="TestClass.Login_and_Add_DeleteUserTest" name="@BeforeMethod Open_the_Application" time="-1.740819725271E9">
    <skipped/>
  </testcase> <!-- @BeforeMethod Open_the_Application -->
  <testcase classname="TestClass.Login_and_Add_DeleteUserTest" name="@AfterMethod afterMethod" time="-1.740819725278E9">
    <skipped/>
  </testcase> <!-- @AfterMethod afterMethod -->
  <testcase classname="TestClass.Login_and_Add_DeleteUserTest" name="@BeforeMethod Open_the_Application" time="-1.740819725292E9">
    <skipped/>
  </testcase> <!-- @BeforeMethod Open_the_Application -->
  <testcase classname="TestClass.Login_and_Add_DeleteUserTest" name="@AfterMethod afterMethod" time="-1.740819725303E9">
    <skipped/>
  </testcase> <!-- @AfterMethod afterMethod -->
  <testcase classname="TestClass.Login_and_Add_DeleteUserTest" name="@BeforeMethod Open_the_Application" time="-1.740819725309E9">
    <skipped/>
  </testcase> <!-- @BeforeMethod Open_the_Application -->
  <testcase classname="TestClass.Login_and_Add_DeleteUserTest" name="@AfterMethod afterMethod" time="-1.740819725312E9">
    <skipped/>
  </testcase> <!-- @AfterMethod afterMethod -->
  <testcase classname="TestClass.Login_and_Add_DeleteUserTest" name="@BeforeMethod Open_the_Application" time="-1.740819725328E9">
    <skipped/>
  </testcase> <!-- @BeforeMethod Open_the_Application -->
  <testcase classname="TestClass.Login_and_Add_DeleteUserTest" name="@AfterMethod afterMethod" time="-1.740819725331E9">
    <skipped/>
  </testcase> <!-- @AfterMethod afterMethod -->
  <testcase classname="TestClass.Login_and_Add_DeleteUserTest" name="@BeforeMethod Open_the_Application" time="-1.740819725332E9">
    <skipped/>
  </testcase> <!-- @BeforeMethod Open_the_Application -->
  <testcase classname="TestClass.Login_and_Add_DeleteUserTest" name="@AfterMethod afterMethod" time="-1.740819725338E9">
    <skipped/>
  </testcase> <!-- @AfterMethod afterMethod -->
  <testcase classname="TestClass.Login_and_Add_DeleteUserTest" name="@BeforeMethod Open_the_Application" time="-1.74081972534E9">
    <skipped/>
  </testcase> <!-- @BeforeMethod Open_the_Application -->
  <testcase classname="TestClass.Login_and_Add_DeleteUserTest" name="@AfterMethod afterMethod" time="-1.740819725344E9">
    <skipped/>
  </testcase> <!-- @AfterMethod afterMethod -->
  <testcase classname="TestClass.Login_and_Add_DeleteUserTest" name="@BeforeMethod Open_the_Application" time="-1.740819725348E9">
    <skipped/>
  </testcase> <!-- @BeforeMethod Open_the_Application -->
  <testcase classname="TestClass.Login_and_Add_DeleteUserTest" name="@AfterMethod afterMethod" time="-1.740819725354E9">
    <skipped/>
  </testcase> <!-- @AfterMethod afterMethod -->
  <testcase classname="TestClass.Login_and_Add_DeleteUserTest" name="@BeforeMethod Open_the_Application" time="-1.740819725357E9">
    <skipped/>
  </testcase> <!-- @BeforeMethod Open_the_Application -->
  <testcase classname="TestClass.Login_and_Add_DeleteUserTest" name="@AfterMethod afterMethod" time="-1.74081972536E9">
    <skipped/>
  </testcase> <!-- @AfterMethod afterMethod -->
  <testcase classname="TestClass.Login_and_Add_DeleteUserTest" name="@BeforeMethod Open_the_Application" time="-1.740819725361E9">
    <skipped/>
  </testcase> <!-- @BeforeMethod Open_the_Application -->
  <testcase classname="TestClass.Login_and_Add_DeleteUserTest" name="@AfterMethod afterMethod" time="-1.740819725368E9">
    <skipped/>
  </testcase> <!-- @AfterMethod afterMethod -->
  <testcase classname="TestClass.Login_and_Add_DeleteUserTest" name="@AfterClass clearObject" time="-1.740819725375E9">
    <skipped/>
  </testcase> <!-- @AfterClass clearObject -->
  <testcase classname="TestClass.Login_and_Add_DeleteUserTest" name="@AfterTest afterTest" time="-1.740819725376E9">
    <skipped/>
  </testcase> <!-- @AfterTest afterTest -->
  <testcase classname="TestClass.Login_and_Add_DeleteUserTest" name="To_verify_application_allow_to_click_on_Disagree_button" time="0.0">
    <skipped/>
  </testcase> <!-- To_verify_application_allow_to_click_on_Disagree_button -->
  <testcase classname="TestClass.Login_and_Add_DeleteUserTest" name="To_verify_application_allow_to_click_on_Privacy_Policy_Terms_and_Condition_link" time="0.0">
    <skipped/>
  </testcase> <!-- To_verify_application_allow_to_click_on_Privacy_Policy_Terms_and_Condition_link -->
  <testcase classname="TestClass.Login_and_Add_DeleteUserTest" name="To_Verify_On_Acknowledgement_page_application_allow_to_click_on_Agree_button" time="0.0">
    <skipped/>
  </testcase> <!-- To_Verify_On_Acknowledgement_page_application_allow_to_click_on_Agree_button -->
  <testcase classname="TestClass.Login_and_Add_DeleteUserTest" name="To_verify_application_allow_to_login_without_passing_username_password_data_in_input_fields" time="0.0">
    <skipped/>
  </testcase> <!-- To_verify_application_allow_to_login_without_passing_username_password_data_in_input_fields -->
  <testcase classname="TestClass.Login_and_Add_DeleteUserTest" name="To_verify_application_allow_to_click_on_Forgot_Password_link" time="0.0">
    <skipped/>
  </testcase> <!-- To_verify_application_allow_to_click_on_Forgot_Password_link -->
  <testcase classname="TestClass.Login_and_Add_DeleteUserTest" name="To_verify_application_allow_to_click_on_Back_to_login_link" time="0.0">
    <skipped/>
  </testcase> <!-- To_verify_application_allow_to_click_on_Back_to_login_link -->
  <testcase classname="TestClass.Login_and_Add_DeleteUserTest" name="To_verify_application_allow_to_pass_data_in_username_input_field" time="0.0">
    <skipped/>
  </testcase> <!-- To_verify_application_allow_to_pass_data_in_username_input_field -->
  <testcase classname="TestClass.Login_and_Add_DeleteUserTest" name="To_verify_application_allow_to_pass_data_in_Password_input_field" time="0.0">
    <skipped/>
  </testcase> <!-- To_verify_application_allow_to_pass_data_in_Password_input_field -->
  <testcase classname="TestClass.Login_and_Add_DeleteUserTest" name="To_verify_application_allow_to_click_on_send_otp" time="0.0">
    <skipped/>
  </testcase> <!-- To_verify_application_allow_to_click_on_send_otp -->
  <testcase classname="TestClass.Login_and_Add_DeleteUserTest" name="To_verify_after_passing_OTP_application_allow_to_click_on_login_button" time="0.0">
    <skipped/>
  </testcase> <!-- To_verify_after_passing_OTP_application_allow_to_click_on_login_button -->
  <testcase classname="TestClass.Login_and_Add_DeleteUserTest" name="To_verify_application_allow_to_click_on_settings_and_then_User_management_tab" time="0.0">
    <skipped/>
  </testcase> <!-- To_verify_application_allow_to_click_on_settings_and_then_User_management_tab -->
  <testcase classname="TestClass.Login_and_Add_DeleteUserTest" name="To_verify_application_allow_to_click_on_add_user_button" time="0.0">
    <skipped/>
  </testcase> <!-- To_verify_application_allow_to_click_on_add_user_button -->
  <testcase classname="TestClass.Login_and_Add_DeleteUserTest" name="To_verify_application_allow_to_create_New_user_after_passing_valid_data_in_all_input_fields" time="0.0">
    <skipped/>
  </testcase> <!-- To_verify_application_allow_to_create_New_user_after_passing_valid_data_in_all_input_fields -->
  <testcase classname="TestClass.Login_and_Add_DeleteUserTest" name="To_verify_created_user_showing_in_user_list" time="0.0">
    <skipped/>
  </testcase> <!-- To_verify_created_user_showing_in_user_list -->
  <testcase classname="TestClass.Login_and_Add_DeleteUserTest" name="To_verify_search_functionality_if_we_pass_invalid_username_in_search_bar" time="0.0">
    <skipped/>
  </testcase> <!-- To_verify_search_functionality_if_we_pass_invalid_username_in_search_bar -->
  <testcase classname="TestClass.Login_and_Add_DeleteUserTest" name="To_verify_search_functionality_if_we_pass_valid_username_in_search_bar" time="0.0">
    <skipped/>
  </testcase> <!-- To_verify_search_functionality_if_we_pass_valid_username_in_search_bar -->
  <testcase classname="TestClass.Login_and_Add_DeleteUserTest" name="To_verify_application_showing_Unlock_user_in_account_status" time="0.0">
    <skipped/>
  </testcase> <!-- To_verify_application_showing_Unlock_user_in_account_status -->
  <testcase classname="TestClass.Login_and_Add_DeleteUserTest" name="To_verify_application_allow_to_delete_user" time="0.0">
    <skipped/>
  </testcase> <!-- To_verify_application_allow_to_delete_user -->
  <testcase classname="TestClass.Login_and_Add_DeleteUserTest" name="To_verify_application_allow_to_click_on_update_account_tab" time="0.0">
    <skipped/>
  </testcase> <!-- To_verify_application_allow_to_click_on_update_account_tab -->
  <testcase classname="TestClass.Login_and_Add_DeleteUserTest" name="To_verify_application_allow_to_click_on_edit_button" time="0.0">
    <skipped/>
  </testcase> <!-- To_verify_application_allow_to_click_on_edit_button -->
  <testcase classname="TestClass.Login_and_Add_DeleteUserTest" name="To_verify_whether_application_allows_editing_data_in_customer_care_field_and_updates_it_successfully_or_not" time="0.0">
    <skipped/>
  </testcase> <!-- To_verify_whether_application_allows_editing_data_in_customer_care_field_and_updates_it_successfully_or_not -->
  <testcase classname="TestClass.Login_and_Add_DeleteUserTest" name="To_verify_whether_application_allows_editing_data_in_the_logo_input_field_and_updates_it_successfully_or_not" time="0.0">
    <skipped/>
  </testcase> <!-- To_verify_whether_application_allows_editing_data_in_the_logo_input_field_and_updates_it_successfully_or_not -->
  <testcase classname="TestClass.Login_and_Add_DeleteUserTest" name="To_verify_application_allow_to_click_on_change_password_tab" time="0.0">
    <skipped/>
  </testcase> <!-- To_verify_application_allow_to_click_on_change_password_tab -->
  <testcase classname="TestClass.Login_and_Add_DeleteUserTest" name="To_verify_application_allow_to_click_and_pass_data_in_current_password_input_field" time="0.0">
    <skipped/>
  </testcase> <!-- To_verify_application_allow_to_click_and_pass_data_in_current_password_input_field -->
  <testcase classname="TestClass.Login_and_Add_DeleteUserTest" name="To_verify_application_allow_to_click_and_pass_data_in_new_password_input_field" time="0.0">
    <skipped/>
  </testcase> <!-- To_verify_application_allow_to_click_and_pass_data_in_new_password_input_field -->
  <testcase classname="TestClass.Login_and_Add_DeleteUserTest" name="To_verify_application_allow_to_click_and_pass_data_in_confirm_password_input_field" time="0.0">
    <skipped/>
  </testcase> <!-- To_verify_application_allow_to_click_and_pass_data_in_confirm_password_input_field -->
  <testcase classname="TestClass.Login_and_Add_DeleteUserTest" name="To_verify_change_password_functionality_if_we_pass_invalid_current_password_while_changing_password" time="0.0">
    <skipped/>
  </testcase> <!-- To_verify_change_password_functionality_if_we_pass_invalid_current_password_while_changing_password -->
  <testcase classname="TestClass.Login_and_Add_DeleteUserTest" name="To_verify_change_password_functionality_if_we_pass_valid_data_in_all_fields" time="0.0">
    <skipped/>
  </testcase> <!-- To_verify_change_password_functionality_if_we_pass_valid_data_in_all_fields -->
</testsuite> <!-- Default test -->
