<?xml version="1.0" encoding="UTF-8"?>
<!-- Generated by org.testng.reporters.JUnitXMLReporter -->
<testsuite ignored="0" hostname="DESKTOP-VR22DQU" failures="1" tests="51" name="Chrome_Test" time="141.863" errors="0" timestamp="2025-03-22T21:29:35 IST">
  <testcase classname="TestClass.Login_and_Add_DeleteUserTest" name="@AfterMethod afterMethod" time="0.099">
    <failure type="org.openqa.selenium.NoSuchSessionException" message="invalid session id
Build info: version: &amp;apos;3.141.59&amp;apos;, revision: &amp;apos;e82be7d358&amp;apos;, time: &amp;apos;2018-11-14T08:17:03&amp;apos;
System info: host: &amp;apos;DESKTOP-VR22DQU&amp;apos;, ip: &amp;apos;192.168.144.220&amp;apos;, os.name: &amp;apos;Windows 10&amp;apos;, os.arch: &amp;apos;amd64&amp;apos;, os.version: &amp;apos;10.0&amp;apos;, java.version: &amp;apos;17.0.11&amp;apos;
Driver info: org.openqa.selenium.chrome.ChromeDriver
Capabilities {acceptInsecureCerts: false, browserName: chrome, browserVersion: 134.0.6998.119, chrome: {chromedriverVersion: 133.0.6943.98 (da53563ceb66..., userDataDir: C:\Users\XEEDO\AppData\Loca...}, fedcm:accounts: true, goog:chromeOptions: {debuggerAddress: localhost:53723}, javascriptEnabled: true, networkConnectionEnabled: false, pageLoadStrategy: normal, platform: WINDOWS, platformName: WINDOWS, proxy: Proxy(), setWindowRect: true, strictFileInteractability: false, timeouts: {implicit: 0, pageLoad: 300000, script: 30000}, unhandledPromptBehavior: dismiss and notify, webauthn:extension:credBlob: true, webauthn:extension:largeBlob: true, webauthn:extension:minPinLength: true, webauthn:extension:prf: true, webauthn:virtualAuthenticators: true}
Session ID: 8dc5bbb9eca75da95fcd2cca63670763">
      <![CDATA[org.openqa.selenium.NoSuchSessionException: invalid session id
Build info: version: '3.141.59', revision: 'e82be7d358', time: '2018-11-14T08:17:03'
System info: host: 'DESKTOP-VR22DQU', ip: '192.168.144.220', os.name: 'Windows 10', os.arch: 'amd64', os.version: '10.0', java.version: '17.0.11'
Driver info: org.openqa.selenium.chrome.ChromeDriver
Capabilities {acceptInsecureCerts: false, browserName: chrome, browserVersion: 134.0.6998.119, chrome: {chromedriverVersion: 133.0.6943.98 (da53563ceb66..., userDataDir: C:\Users\XEEDO\AppData\Loca...}, fedcm:accounts: true, goog:chromeOptions: {debuggerAddress: localhost:53723}, javascriptEnabled: true, networkConnectionEnabled: false, pageLoadStrategy: normal, platform: WINDOWS, platformName: WINDOWS, proxy: Proxy(), setWindowRect: true, strictFileInteractability: false, timeouts: {implicit: 0, pageLoad: 300000, script: 30000}, unhandledPromptBehavior: dismiss and notify, webauthn:extension:credBlob: true, webauthn:extension:largeBlob: true, webauthn:extension:minPinLength: true, webauthn:extension:prf: true, webauthn:virtualAuthenticators: true}
Session ID: 8dc5bbb9eca75da95fcd2cca63670763
at org.openqa.selenium.remote.http.W3CHttpResponseCodec.createException(W3CHttpResponseCodec.java:187)
at org.openqa.selenium.remote.http.W3CHttpResponseCodec.decode(W3CHttpResponseCodec.java:122)
at org.openqa.selenium.remote.http.W3CHttpResponseCodec.decode(W3CHttpResponseCodec.java:49)
at org.openqa.selenium.remote.HttpCommandExecutor.execute(HttpCommandExecutor.java:158)
at org.openqa.selenium.remote.service.DriverCommandExecutor.execute(DriverCommandExecutor.java:83)
at org.openqa.selenium.remote.RemoteWebDriver.execute(RemoteWebDriver.java:552)
at org.openqa.selenium.remote.RemoteWebDriver.execute(RemoteWebDriver.java:609)
at org.openqa.selenium.remote.RemoteWebDriver.getScreenshotAs(RemoteWebDriver.java:295)
at Utils.Utility.captureScreenshot(Utility.java:24)
at TestClass.Login_and_Add_DeleteUserTest.afterMethod(Login_and_Add_DeleteUserTest.java:397)
at java.base/java.util.ArrayList.forEach(ArrayList.java:1511)
at java.base/java.util.concurrent.FutureTask.run(FutureTask.java:264)
at java.base/java.util.concurrent.ThreadPoolExecutor.runWorker(ThreadPoolExecutor.java:1136)
at java.base/java.util.concurrent.ThreadPoolExecutor$Worker.run(ThreadPoolExecutor.java:635)
at java.base/java.lang.Thread.run(Thread.java:842)
... Removed 28 stack frames]]>
    </failure>
  </testcase> <!-- @AfterMethod afterMethod -->
  <testcase classname="TestClass.Login_and_Add_DeleteUserTest" name="@BeforeMethod Open_the_Application" time="-1.742659174551E9">
    <skipped/>
  </testcase> <!-- @BeforeMethod Open_the_Application -->
  <testcase classname="TestClass.Login_and_Add_DeleteUserTest" name="@AfterMethod afterMethod" time="-1.742659174566E9">
    <skipped/>
  </testcase> <!-- @AfterMethod afterMethod -->
  <testcase classname="TestClass.Login_and_Add_DeleteUserTest" name="@BeforeMethod Open_the_Application" time="-1.742659174568E9">
    <skipped/>
  </testcase> <!-- @BeforeMethod Open_the_Application -->
  <testcase classname="TestClass.Login_and_Add_DeleteUserTest" name="@AfterMethod afterMethod" time="-1.742659174577E9">
    <skipped/>
  </testcase> <!-- @AfterMethod afterMethod -->
  <testcase classname="TestClass.Login_and_Add_DeleteUserTest" name="@BeforeMethod Open_the_Application" time="-1.742659174579E9">
    <skipped/>
  </testcase> <!-- @BeforeMethod Open_the_Application -->
  <testcase classname="TestClass.Login_and_Add_DeleteUserTest" name="@AfterMethod afterMethod" time="-1.742659174584E9">
    <skipped/>
  </testcase> <!-- @AfterMethod afterMethod -->
  <testcase classname="TestClass.Login_and_Add_DeleteUserTest" name="@BeforeMethod Open_the_Application" time="-1.742659174586E9">
    <skipped/>
  </testcase> <!-- @BeforeMethod Open_the_Application -->
  <testcase classname="TestClass.Login_and_Add_DeleteUserTest" name="@AfterMethod afterMethod" time="-1.742659174602E9">
    <skipped/>
  </testcase> <!-- @AfterMethod afterMethod -->
  <testcase classname="TestClass.Login_and_Add_DeleteUserTest" name="@BeforeMethod Open_the_Application" time="-1.742659174628E9">
    <skipped/>
  </testcase> <!-- @BeforeMethod Open_the_Application -->
  <testcase classname="TestClass.Login_and_Add_DeleteUserTest" name="@AfterMethod afterMethod" time="-1.742659174652E9">
    <skipped/>
  </testcase> <!-- @AfterMethod afterMethod -->
  <testcase classname="TestClass.Login_and_Add_DeleteUserTest" name="@BeforeMethod Open_the_Application" time="-1.74265917466E9">
    <skipped/>
  </testcase> <!-- @BeforeMethod Open_the_Application -->
  <testcase classname="TestClass.Login_and_Add_DeleteUserTest" name="@AfterMethod afterMethod" time="-1.742659174672E9">
    <skipped/>
  </testcase> <!-- @AfterMethod afterMethod -->
  <testcase classname="TestClass.Login_and_Add_DeleteUserTest" name="@BeforeMethod Open_the_Application" time="-1.742659174675E9">
    <skipped/>
  </testcase> <!-- @BeforeMethod Open_the_Application -->
  <testcase classname="TestClass.Login_and_Add_DeleteUserTest" name="@AfterMethod afterMethod" time="-1.742659174686E9">
    <skipped/>
  </testcase> <!-- @AfterMethod afterMethod -->
  <testcase classname="TestClass.Login_and_Add_DeleteUserTest" name="@BeforeMethod Open_the_Application" time="-1.742659174696E9">
    <skipped/>
  </testcase> <!-- @BeforeMethod Open_the_Application -->
  <testcase classname="TestClass.Login_and_Add_DeleteUserTest" name="@AfterMethod afterMethod" time="-1.742659174704E9">
    <skipped/>
  </testcase> <!-- @AfterMethod afterMethod -->
  <testcase classname="TestClass.Login_and_Add_DeleteUserTest" name="@BeforeMethod Open_the_Application" time="-1.742659174707E9">
    <skipped/>
  </testcase> <!-- @BeforeMethod Open_the_Application -->
  <testcase classname="TestClass.Login_and_Add_DeleteUserTest" name="@AfterMethod afterMethod" time="-1.742659174712E9">
    <skipped/>
  </testcase> <!-- @AfterMethod afterMethod -->
  <testcase classname="TestClass.Login_and_Add_DeleteUserTest" name="@BeforeMethod Open_the_Application" time="-1.742659174713E9">
    <skipped/>
  </testcase> <!-- @BeforeMethod Open_the_Application -->
  <testcase classname="TestClass.Login_and_Add_DeleteUserTest" name="@AfterMethod afterMethod" time="-1.742659174718E9">
    <skipped/>
  </testcase> <!-- @AfterMethod afterMethod -->
  <testcase classname="TestClass.Login_and_Add_DeleteUserTest" name="@BeforeMethod Open_the_Application" time="-1.742659174722E9">
    <skipped/>
  </testcase> <!-- @BeforeMethod Open_the_Application -->
  <testcase classname="TestClass.Login_and_Add_DeleteUserTest" name="@AfterMethod afterMethod" time="-1.74265917475E9">
    <skipped/>
  </testcase> <!-- @AfterMethod afterMethod -->
  <testcase classname="TestClass.Login_and_Add_DeleteUserTest" name="@BeforeMethod Open_the_Application" time="-1.742659174754E9">
    <skipped/>
  </testcase> <!-- @BeforeMethod Open_the_Application -->
  <testcase classname="TestClass.Login_and_Add_DeleteUserTest" name="@AfterMethod afterMethod" time="-1.74265917476E9">
    <skipped/>
  </testcase> <!-- @AfterMethod afterMethod -->
  <testcase classname="TestClass.Login_and_Add_DeleteUserTest" name="@BeforeMethod Open_the_Application" time="-1.742659174762E9">
    <skipped/>
  </testcase> <!-- @BeforeMethod Open_the_Application -->
  <testcase classname="TestClass.Login_and_Add_DeleteUserTest" name="@AfterMethod afterMethod" time="-1.742659174765E9">
    <skipped/>
  </testcase> <!-- @AfterMethod afterMethod -->
  <testcase classname="TestClass.Login_and_Add_DeleteUserTest" name="@BeforeMethod Open_the_Application" time="-1.742659174766E9">
    <skipped/>
  </testcase> <!-- @BeforeMethod Open_the_Application -->
  <testcase classname="TestClass.Login_and_Add_DeleteUserTest" name="@AfterMethod afterMethod" time="-1.74265917477E9">
    <skipped/>
  </testcase> <!-- @AfterMethod afterMethod -->
  <testcase classname="TestClass.Login_and_Add_DeleteUserTest" name="@BeforeMethod Open_the_Application" time="-1.742659174774E9">
    <skipped/>
  </testcase> <!-- @BeforeMethod Open_the_Application -->
  <testcase classname="TestClass.Login_and_Add_DeleteUserTest" name="@AfterMethod afterMethod" time="-1.742659174779E9">
    <skipped/>
  </testcase> <!-- @AfterMethod afterMethod -->
  <testcase classname="TestClass.Login_and_Add_DeleteUserTest" name="@BeforeMethod Open_the_Application" time="-1.742659174781E9">
    <skipped/>
  </testcase> <!-- @BeforeMethod Open_the_Application -->
  <testcase classname="TestClass.Login_and_Add_DeleteUserTest" name="@AfterMethod afterMethod" time="-1.742659174793E9">
    <skipped/>
  </testcase> <!-- @AfterMethod afterMethod -->
  <testcase classname="TestClass.Login_and_Add_DeleteUserTest" name="@BeforeMethod Open_the_Application" time="-1.742659174795E9">
    <skipped/>
  </testcase> <!-- @BeforeMethod Open_the_Application -->
  <testcase classname="TestClass.Login_and_Add_DeleteUserTest" name="@AfterMethod afterMethod" time="-1.742659174799E9">
    <skipped/>
  </testcase> <!-- @AfterMethod afterMethod -->
  <testcase classname="TestClass.Login_and_Add_DeleteUserTest" name="@AfterClass clearObject" time="-1.742659174801E9">
    <skipped/>
  </testcase> <!-- @AfterClass clearObject -->
  <testcase classname="TestClass.DeviceOnboardTest" name="@BeforeMethod Open_the_Application" time="0.006">
    <failure type="org.openqa.selenium.NoSuchSessionException" message="invalid session id: session deleted as the browser has closed the connection
from disconnected: not connected to DevTools
  (Session info: chrome=134.0.6998.119)
Build info: version: &amp;apos;3.141.59&amp;apos;, revision: &amp;apos;e82be7d358&amp;apos;, time: &amp;apos;2018-11-14T08:17:03&amp;apos;
System info: host: &amp;apos;DESKTOP-VR22DQU&amp;apos;, ip: &amp;apos;192.168.144.220&amp;apos;, os.name: &amp;apos;Windows 10&amp;apos;, os.arch: &amp;apos;amd64&amp;apos;, os.version: &amp;apos;10.0&amp;apos;, java.version: &amp;apos;17.0.11&amp;apos;
Driver info: org.openqa.selenium.chrome.ChromeDriver
Capabilities {acceptInsecureCerts: false, browserName: chrome, browserVersion: 134.0.6998.119, chrome: {chromedriverVersion: 133.0.6943.98 (da53563ceb66..., userDataDir: C:\Users\XEEDO\AppData\Loca...}, fedcm:accounts: true, goog:chromeOptions: {debuggerAddress: localhost:53709}, javascriptEnabled: true, networkConnectionEnabled: false, pageLoadStrategy: normal, platform: WINDOWS, platformName: WINDOWS, proxy: Proxy(), setWindowRect: true, strictFileInteractability: false, timeouts: {implicit: 0, pageLoad: 300000, script: 30000}, unhandledPromptBehavior: dismiss and notify, webauthn:extension:credBlob: true, webauthn:extension:largeBlob: true, webauthn:extension:minPinLength: true, webauthn:extension:prf: true, webauthn:virtualAuthenticators: true}
Session ID: 42e13a6be838d0487982e568264523b3">
      <![CDATA[org.openqa.selenium.NoSuchSessionException: invalid session id: session deleted as the browser has closed the connection
from disconnected: not connected to DevTools
  (Session info: chrome=134.0.6998.119)
Build info: version: '3.141.59', revision: 'e82be7d358', time: '2018-11-14T08:17:03'
System info: host: 'DESKTOP-VR22DQU', ip: '192.168.144.220', os.name: 'Windows 10', os.arch: 'amd64', os.version: '10.0', java.version: '17.0.11'
Driver info: org.openqa.selenium.chrome.ChromeDriver
Capabilities {acceptInsecureCerts: false, browserName: chrome, browserVersion: 134.0.6998.119, chrome: {chromedriverVersion: 133.0.6943.98 (da53563ceb66..., userDataDir: C:\Users\XEEDO\AppData\Loca...}, fedcm:accounts: true, goog:chromeOptions: {debuggerAddress: localhost:53709}, javascriptEnabled: true, networkConnectionEnabled: false, pageLoadStrategy: normal, platform: WINDOWS, platformName: WINDOWS, proxy: Proxy(), setWindowRect: true, strictFileInteractability: false, timeouts: {implicit: 0, pageLoad: 300000, script: 30000}, unhandledPromptBehavior: dismiss and notify, webauthn:extension:credBlob: true, webauthn:extension:largeBlob: true, webauthn:extension:minPinLength: true, webauthn:extension:prf: true, webauthn:virtualAuthenticators: true}
Session ID: 42e13a6be838d0487982e568264523b3
at org.openqa.selenium.remote.http.W3CHttpResponseCodec.createException(W3CHttpResponseCodec.java:187)
at org.openqa.selenium.remote.http.W3CHttpResponseCodec.decode(W3CHttpResponseCodec.java:122)
at org.openqa.selenium.remote.http.W3CHttpResponseCodec.decode(W3CHttpResponseCodec.java:49)
at org.openqa.selenium.remote.HttpCommandExecutor.execute(HttpCommandExecutor.java:158)
at org.openqa.selenium.remote.service.DriverCommandExecutor.execute(DriverCommandExecutor.java:83)
at org.openqa.selenium.remote.RemoteWebDriver.execute(RemoteWebDriver.java:552)
at org.openqa.selenium.remote.RemoteWebDriver.get(RemoteWebDriver.java:277)
at TestClass.DeviceOnboardTest.Open_the_Application(DeviceOnboardTest.java:74)
at java.base/java.util.ArrayList.forEach(ArrayList.java:1511)
at java.base/java.util.concurrent.FutureTask.run(FutureTask.java:264)
at java.base/java.util.concurrent.ThreadPoolExecutor.runWorker(ThreadPoolExecutor.java:1136)
at java.base/java.util.concurrent.ThreadPoolExecutor$Worker.run(ThreadPoolExecutor.java:635)
at java.base/java.lang.Thread.run(Thread.java:842)
... Removed 27 stack frames]]>
    </failure>
  </testcase> <!-- @BeforeMethod Open_the_Application -->
  <testcase classname="TestClass.DeviceOnboardTest" name="@AfterMethod afterMethod" time="-1.742659174841E9">
    <skipped/>
  </testcase> <!-- @AfterMethod afterMethod -->
  <testcase classname="TestClass.DeviceOnboardTest" name="@BeforeMethod Open_the_Application" time="-1.742659174843E9">
    <skipped/>
  </testcase> <!-- @BeforeMethod Open_the_Application -->
  <testcase classname="TestClass.DeviceOnboardTest" name="@AfterMethod afterMethod" time="-1.742659174846E9">
    <skipped/>
  </testcase> <!-- @AfterMethod afterMethod -->
  <testcase classname="TestClass.DeviceOnboardTest" name="@BeforeMethod Open_the_Application" time="-1.742659174848E9">
    <skipped/>
  </testcase> <!-- @BeforeMethod Open_the_Application -->
  <testcase classname="TestClass.DeviceOnboardTest" name="@AfterMethod afterMethod" time="-1.742659174852E9">
    <skipped/>
  </testcase> <!-- @AfterMethod afterMethod -->
  <testcase classname="TestClass.DeviceOnboardTest" name="@BeforeMethod Open_the_Application" time="-1.742659174854E9">
    <skipped/>
  </testcase> <!-- @BeforeMethod Open_the_Application -->
  <testcase classname="TestClass.DeviceOnboardTest" name="@AfterMethod afterMethod" time="-1.742659174871E9">
    <skipped/>
  </testcase> <!-- @AfterMethod afterMethod -->
  <testcase classname="TestClass.DeviceOnboardTest" name="@BeforeMethod Open_the_Application" time="-1.742659174873E9">
    <skipped/>
  </testcase> <!-- @BeforeMethod Open_the_Application -->
  <testcase classname="TestClass.DeviceOnboardTest" name="@AfterMethod afterMethod" time="-1.742659174885E9">
    <skipped/>
  </testcase> <!-- @AfterMethod afterMethod -->
  <testcase classname="TestClass.DeviceOnboardTest" name="@BeforeMethod Open_the_Application" time="-1.742659174891E9">
    <skipped/>
  </testcase> <!-- @BeforeMethod Open_the_Application -->
  <testcase classname="TestClass.DeviceOnboardTest" name="@AfterMethod afterMethod" time="-1.742659174902E9">
    <skipped/>
  </testcase> <!-- @AfterMethod afterMethod -->
  <testcase classname="TestClass.DeviceOnboardTest" name="@BeforeMethod Open_the_Application" time="-1.742659174904E9">
    <skipped/>
  </testcase> <!-- @BeforeMethod Open_the_Application -->
  <testcase classname="TestClass.DeviceOnboardTest" name="@AfterMethod afterMethod" time="-1.742659174907E9">
    <skipped/>
  </testcase> <!-- @AfterMethod afterMethod -->
  <testcase classname="TestClass.DeviceOnboardTest" name="@BeforeMethod Open_the_Application" time="-1.742659174909E9">
    <skipped/>
  </testcase> <!-- @BeforeMethod Open_the_Application -->
  <testcase classname="TestClass.DeviceOnboardTest" name="@AfterMethod afterMethod" time="-1.742659174917E9">
    <skipped/>
  </testcase> <!-- @AfterMethod afterMethod -->
  <testcase classname="TestClass.DeviceOnboardTest" name="@BeforeMethod Open_the_Application" time="-1.742659174919E9">
    <skipped/>
  </testcase> <!-- @BeforeMethod Open_the_Application -->
  <testcase classname="TestClass.DeviceOnboardTest" name="@AfterMethod afterMethod" time="-1.742659174925E9">
    <skipped/>
  </testcase> <!-- @AfterMethod afterMethod -->
  <testcase classname="TestClass.DeviceOnboardTest" name="@BeforeMethod Open_the_Application" time="-1.742659174927E9">
    <skipped/>
  </testcase> <!-- @BeforeMethod Open_the_Application -->
  <testcase classname="TestClass.DeviceOnboardTest" name="@AfterMethod afterMethod" time="-1.742659174953E9">
    <skipped/>
  </testcase> <!-- @AfterMethod afterMethod -->
  <testcase classname="TestClass.DeviceOnboardTest" name="@BeforeMethod Open_the_Application" time="-1.742659174957E9">
    <skipped/>
  </testcase> <!-- @BeforeMethod Open_the_Application -->
  <testcase classname="TestClass.DeviceOnboardTest" name="@AfterMethod afterMethod" time="-1.74265917497E9">
    <skipped/>
  </testcase> <!-- @AfterMethod afterMethod -->
  <testcase classname="TestClass.DeviceOnboardTest" name="@BeforeMethod Open_the_Application" time="-1.742659174973E9">
    <skipped/>
  </testcase> <!-- @BeforeMethod Open_the_Application -->
  <testcase classname="TestClass.DeviceOnboardTest" name="@AfterMethod afterMethod" time="-1.742659174979E9">
    <skipped/>
  </testcase> <!-- @AfterMethod afterMethod -->
  <testcase classname="TestClass.DeviceOnboardTest" name="@BeforeMethod Open_the_Application" time="-1.742659174981E9">
    <skipped/>
  </testcase> <!-- @BeforeMethod Open_the_Application -->
  <testcase classname="TestClass.DeviceOnboardTest" name="@AfterMethod afterMethod" time="-1.742659174986E9">
    <skipped/>
  </testcase> <!-- @AfterMethod afterMethod -->
  <testcase classname="TestClass.DeviceOnboardTest" name="@BeforeMethod Open_the_Application" time="-1.742659174987E9">
    <skipped/>
  </testcase> <!-- @BeforeMethod Open_the_Application -->
  <testcase classname="TestClass.DeviceOnboardTest" name="@AfterMethod afterMethod" time="-1.742659174998E9">
    <skipped/>
  </testcase> <!-- @AfterMethod afterMethod -->
  <testcase classname="TestClass.DeviceOnboardTest" name="@BeforeMethod Open_the_Application" time="-1.742659175006E9">
    <skipped/>
  </testcase> <!-- @BeforeMethod Open_the_Application -->
  <testcase classname="TestClass.DeviceOnboardTest" name="@AfterMethod afterMethod" time="-1.742659175014E9">
    <skipped/>
  </testcase> <!-- @AfterMethod afterMethod -->
  <testcase classname="TestClass.DeviceOnboardTest" name="@BeforeMethod Open_the_Application" time="-1.742659175018E9">
    <skipped/>
  </testcase> <!-- @BeforeMethod Open_the_Application -->
  <testcase classname="TestClass.DeviceOnboardTest" name="@AfterMethod afterMethod" time="-1.742659175022E9">
    <skipped/>
  </testcase> <!-- @AfterMethod afterMethod -->
  <testcase classname="TestClass.DeviceOnboardTest" name="@BeforeMethod Open_the_Application" time="-1.742659175028E9">
    <skipped/>
  </testcase> <!-- @BeforeMethod Open_the_Application -->
  <testcase classname="TestClass.DeviceOnboardTest" name="@AfterMethod afterMethod" time="-1.742659175034E9">
    <skipped/>
  </testcase> <!-- @AfterMethod afterMethod -->
  <testcase classname="TestClass.DeviceOnboardTest" name="@BeforeMethod Open_the_Application" time="-1.742659175072E9">
    <skipped/>
  </testcase> <!-- @BeforeMethod Open_the_Application -->
  <testcase classname="TestClass.DeviceOnboardTest" name="@AfterMethod afterMethod" time="-1.742659175091E9">
    <skipped/>
  </testcase> <!-- @AfterMethod afterMethod -->
  <testcase classname="TestClass.DeviceOnboardTest" name="@BeforeMethod Open_the_Application" time="-1.742659175093E9">
    <skipped/>
  </testcase> <!-- @BeforeMethod Open_the_Application -->
  <testcase classname="TestClass.DeviceOnboardTest" name="@AfterMethod afterMethod" time="-1.742659175097E9">
    <skipped/>
  </testcase> <!-- @AfterMethod afterMethod -->
  <testcase classname="TestClass.DeviceOnboardTest" name="@BeforeMethod Open_the_Application" time="-1.742659175099E9">
    <skipped/>
  </testcase> <!-- @BeforeMethod Open_the_Application -->
  <testcase classname="TestClass.DeviceOnboardTest" name="@AfterMethod afterMethod" time="-1.742659175104E9">
    <skipped/>
  </testcase> <!-- @AfterMethod afterMethod -->
  <testcase classname="TestClass.DeviceOnboardTest" name="@BeforeMethod Open_the_Application" time="-1.74265917511E9">
    <skipped/>
  </testcase> <!-- @BeforeMethod Open_the_Application -->
  <testcase classname="TestClass.DeviceOnboardTest" name="@AfterMethod afterMethod" time="-1.742659175112E9">
    <skipped/>
  </testcase> <!-- @AfterMethod afterMethod -->
  <testcase classname="TestClass.DeviceOnboardTest" name="@BeforeMethod Open_the_Application" time="-1.742659175115E9">
    <skipped/>
  </testcase> <!-- @BeforeMethod Open_the_Application -->
  <testcase classname="TestClass.DeviceOnboardTest" name="@AfterMethod afterMethod" time="-1.742659175127E9">
    <skipped/>
  </testcase> <!-- @AfterMethod afterMethod -->
  <testcase classname="TestClass.DeviceOnboardTest" name="@BeforeMethod Open_the_Application" time="-1.742659175129E9">
    <skipped/>
  </testcase> <!-- @BeforeMethod Open_the_Application -->
  <testcase classname="TestClass.DeviceOnboardTest" name="@AfterMethod afterMethod" time="-1.74265917514E9">
    <skipped/>
  </testcase> <!-- @AfterMethod afterMethod -->
  <testcase classname="TestClass.DeviceOnboardTest" name="@BeforeMethod Open_the_Application" time="-1.742659175141E9">
    <skipped/>
  </testcase> <!-- @BeforeMethod Open_the_Application -->
  <testcase classname="TestClass.DeviceOnboardTest" name="@AfterMethod afterMethod" time="-1.742659175192E9">
    <skipped/>
  </testcase> <!-- @AfterMethod afterMethod -->
  <testcase classname="TestClass.DeviceOnboardTest" name="@AfterClass clearObject" time="-1.742659175194E9">
    <skipped/>
  </testcase> <!-- @AfterClass clearObject -->
  <testcase classname="TestClass.DeviceOnboardTest" name="@AfterTest afterTest" time="-1.742659175202E9">
    <skipped/>
  </testcase> <!-- @AfterTest afterTest -->
  <testcase classname="TestClass.Login_and_Add_DeleteUserTest" name="@AfterTest afterTest" time="-1.742659175207E9">
    <skipped/>
  </testcase> <!-- @AfterTest afterTest -->
  <testcase classname="TestClass.Login_and_Add_DeleteUserTest" name="To_verify_application_allow_to_click_on_Disagree_button" time="4.184"/>
  <testcase classname="TestClass.Login_and_Add_DeleteUserTest" name="To_verify_application_allow_to_click_on_Privacy_Policy_Terms_and_Condition_link" time="5.419"/>
  <testcase classname="TestClass.Login_and_Add_DeleteUserTest" name="To_Verify_On_Acknowledgement_page_application_allow_to_click_on_Agree_button" time="6.356"/>
  <testcase classname="TestClass.Login_and_Add_DeleteUserTest" name="To_verify_application_allow_to_login_without_passing_username_password_data_in_input_fields" time="2.14"/>
  <testcase classname="TestClass.Login_and_Add_DeleteUserTest" name="To_verify_application_allow_to_click_on_Forgot_Password_link" time="4.129"/>
  <testcase classname="TestClass.Login_and_Add_DeleteUserTest" name="To_verify_application_allow_to_navigate_on_login_page" time="7.04"/>
  <testcase classname="TestClass.Login_and_Add_DeleteUserTest" name="To_verify_application_allow_to_pass_data_in_username_input_field" time="8.541"/>
  <testcase classname="TestClass.Login_and_Add_DeleteUserTest" name="To_verify_application_allow_to_pass_data_in_Password_input_field" time="2.184"/>
  <testcase classname="TestClass.Login_and_Add_DeleteUserTest" name="To_verify_application_allow_to_click_on_send_otp" time="4.139"/>
  <testcase classname="TestClass.Login_and_Add_DeleteUserTest" name="To_verify_after_passing_OTP_application_allow_to_click_on_login_button" time="10.021">
    <failure type="org.openqa.selenium.NoSuchSessionException" message="invalid session id: session deleted as the browser has closed the connection
from disconnected: not connected to DevTools
  (Session info: chrome=134.0.6998.119)
Build info: version: &amp;apos;3.141.59&amp;apos;, revision: &amp;apos;e82be7d358&amp;apos;, time: &amp;apos;2018-11-14T08:17:03&amp;apos;
System info: host: &amp;apos;DESKTOP-VR22DQU&amp;apos;, ip: &amp;apos;192.168.144.220&amp;apos;, os.name: &amp;apos;Windows 10&amp;apos;, os.arch: &amp;apos;amd64&amp;apos;, os.version: &amp;apos;10.0&amp;apos;, java.version: &amp;apos;17.0.11&amp;apos;
Driver info: org.openqa.selenium.chrome.ChromeDriver
Capabilities {acceptInsecureCerts: false, browserName: chrome, browserVersion: 134.0.6998.119, chrome: {chromedriverVersion: 133.0.6943.98 (da53563ceb66..., userDataDir: C:\Users\XEEDO\AppData\Loca...}, fedcm:accounts: true, goog:chromeOptions: {debuggerAddress: localhost:53723}, javascriptEnabled: true, networkConnectionEnabled: false, pageLoadStrategy: normal, platform: WINDOWS, platformName: WINDOWS, proxy: Proxy(), setWindowRect: true, strictFileInteractability: false, timeouts: {implicit: 0, pageLoad: 300000, script: 30000}, unhandledPromptBehavior: dismiss and notify, webauthn:extension:credBlob: true, webauthn:extension:largeBlob: true, webauthn:extension:minPinLength: true, webauthn:extension:prf: true, webauthn:virtualAuthenticators: true}
Session ID: 8dc5bbb9eca75da95fcd2cca63670763
*** Element info: {Using=xpath, value=//button[text()=&amp;apos;Login&amp;apos;]}">
      <![CDATA[org.openqa.selenium.NoSuchSessionException: invalid session id: session deleted as the browser has closed the connection
from disconnected: not connected to DevTools
  (Session info: chrome=134.0.6998.119)
Build info: version: '3.141.59', revision: 'e82be7d358', time: '2018-11-14T08:17:03'
System info: host: 'DESKTOP-VR22DQU', ip: '192.168.144.220', os.name: 'Windows 10', os.arch: 'amd64', os.version: '10.0', java.version: '17.0.11'
Driver info: org.openqa.selenium.chrome.ChromeDriver
Capabilities {acceptInsecureCerts: false, browserName: chrome, browserVersion: 134.0.6998.119, chrome: {chromedriverVersion: 133.0.6943.98 (da53563ceb66..., userDataDir: C:\Users\XEEDO\AppData\Loca...}, fedcm:accounts: true, goog:chromeOptions: {debuggerAddress: localhost:53723}, javascriptEnabled: true, networkConnectionEnabled: false, pageLoadStrategy: normal, platform: WINDOWS, platformName: WINDOWS, proxy: Proxy(), setWindowRect: true, strictFileInteractability: false, timeouts: {implicit: 0, pageLoad: 300000, script: 30000}, unhandledPromptBehavior: dismiss and notify, webauthn:extension:credBlob: true, webauthn:extension:largeBlob: true, webauthn:extension:minPinLength: true, webauthn:extension:prf: true, webauthn:virtualAuthenticators: true}
Session ID: 8dc5bbb9eca75da95fcd2cca63670763
*** Element info: {Using=xpath, value=//button[text()='Login']}
at org.openqa.selenium.remote.http.W3CHttpResponseCodec.createException(W3CHttpResponseCodec.java:187)
at org.openqa.selenium.remote.http.W3CHttpResponseCodec.decode(W3CHttpResponseCodec.java:122)
at org.openqa.selenium.remote.http.W3CHttpResponseCodec.decode(W3CHttpResponseCodec.java:49)
at org.openqa.selenium.remote.HttpCommandExecutor.execute(HttpCommandExecutor.java:158)
at org.openqa.selenium.remote.service.DriverCommandExecutor.execute(DriverCommandExecutor.java:83)
at org.openqa.selenium.remote.RemoteWebDriver.execute(RemoteWebDriver.java:552)
at org.openqa.selenium.remote.RemoteWebDriver.findElement(RemoteWebDriver.java:323)
at org.openqa.selenium.remote.RemoteWebDriver.findElementByXPath(RemoteWebDriver.java:428)
at org.openqa.selenium.By$ByXPath.findElement(By.java:353)
at org.openqa.selenium.remote.RemoteWebDriver.findElement(RemoteWebDriver.java:315)
at org.openqa.selenium.support.pagefactory.DefaultElementLocator.findElement(DefaultElementLocator.java:69)
at org.openqa.selenium.support.pagefactory.internal.LocatingElementHandler.invoke(LocatingElementHandler.java:38)
at jdk.proxy2/jdk.proxy2.$Proxy17.click(Unknown Source)
at PagePOM.LoginPage.ClickOnLoginButton(LoginPage.java:105)
at TestClass.Login_and_Add_DeleteUserTest.To_verify_after_passing_OTP_application_allow_to_click_on_login_button(Login_and_Add_DeleteUserTest.java:188)
at java.base/java.util.ArrayList.forEach(ArrayList.java:1511)
at java.base/java.util.concurrent.FutureTask.run(FutureTask.java:264)
at java.base/java.util.concurrent.ThreadPoolExecutor.runWorker(ThreadPoolExecutor.java:1136)
at java.base/java.util.concurrent.ThreadPoolExecutor$Worker.run(ThreadPoolExecutor.java:635)
at java.base/java.lang.Thread.run(Thread.java:842)
... Removed 23 stack frames]]>
    </failure>
  </testcase> <!-- To_verify_after_passing_OTP_application_allow_to_click_on_login_button -->
  <testcase classname="TestClass.Login_and_Add_DeleteUserTest" name="To_verify_application_allow_to_click_on_settings_and_then_User_management_tab" time="0.0">
    <skipped/>
  </testcase> <!-- To_verify_application_allow_to_click_on_settings_and_then_User_management_tab -->
  <testcase classname="TestClass.Login_and_Add_DeleteUserTest" name="To_verify_application_allow_to_click_on_add_user_button" time="0.0">
    <skipped/>
  </testcase> <!-- To_verify_application_allow_to_click_on_add_user_button -->
  <testcase classname="TestClass.Login_and_Add_DeleteUserTest" name="To_verify_application_allow_to_create_New_user_after_passing_valid_data_in_all_input_fields" time="0.0">
    <skipped/>
  </testcase> <!-- To_verify_application_allow_to_create_New_user_after_passing_valid_data_in_all_input_fields -->
  <testcase classname="TestClass.Login_and_Add_DeleteUserTest" name="To_verify_created_user_showing_in_user_list" time="0.0">
    <skipped/>
  </testcase> <!-- To_verify_created_user_showing_in_user_list -->
  <testcase classname="TestClass.Login_and_Add_DeleteUserTest" name="To_verify_search_functionality_if_we_pass_invalid_username_in_search_bar" time="0.0">
    <skipped/>
  </testcase> <!-- To_verify_search_functionality_if_we_pass_invalid_username_in_search_bar -->
  <testcase classname="TestClass.Login_and_Add_DeleteUserTest" name="To_verify_search_functionality_if_we_pass_valid_username_in_search_bar" time="0.0">
    <skipped/>
  </testcase> <!-- To_verify_search_functionality_if_we_pass_valid_username_in_search_bar -->
  <testcase classname="TestClass.Login_and_Add_DeleteUserTest" name="To_verify_application_showing_Unlock_user_in_account_status" time="0.0">
    <skipped/>
  </testcase> <!-- To_verify_application_showing_Unlock_user_in_account_status -->
  <testcase classname="TestClass.Login_and_Add_DeleteUserTest" name="To_verify_application_allow_to_delete_user" time="0.0">
    <skipped/>
  </testcase> <!-- To_verify_application_allow_to_delete_user -->
  <testcase classname="TestClass.Login_and_Add_DeleteUserTest" name="To_verify_application_allow_to_click_on_update_account_tab" time="0.0">
    <skipped/>
  </testcase> <!-- To_verify_application_allow_to_click_on_update_account_tab -->
  <testcase classname="TestClass.Login_and_Add_DeleteUserTest" name="To_verify_application_allow_to_click_on_edit_button" time="0.0">
    <skipped/>
  </testcase> <!-- To_verify_application_allow_to_click_on_edit_button -->
  <testcase classname="TestClass.Login_and_Add_DeleteUserTest" name="To_verify_whether_application_allows_editing_data_in_customer_care_field_and_updates_it_successfully_or_not" time="0.0">
    <skipped/>
  </testcase> <!-- To_verify_whether_application_allows_editing_data_in_customer_care_field_and_updates_it_successfully_or_not -->
  <testcase classname="TestClass.Login_and_Add_DeleteUserTest" name="To_verify_whether_application_allows_editing_data_in_the_logo_input_field_and_updates_it_successfully_or_not" time="0.0">
    <skipped/>
  </testcase> <!-- To_verify_whether_application_allows_editing_data_in_the_logo_input_field_and_updates_it_successfully_or_not -->
  <testcase classname="TestClass.Login_and_Add_DeleteUserTest" name="To_verify_application_allow_to_click_on_change_password_tab" time="0.0">
    <skipped/>
  </testcase> <!-- To_verify_application_allow_to_click_on_change_password_tab -->
  <testcase classname="TestClass.Login_and_Add_DeleteUserTest" name="To_verify_application_allow_to_click_and_pass_data_in_current_password_input_field" time="0.0">
    <skipped/>
  </testcase> <!-- To_verify_application_allow_to_click_and_pass_data_in_current_password_input_field -->
  <testcase classname="TestClass.Login_and_Add_DeleteUserTest" name="To_verify_application_allow_to_click_and_pass_data_in_new_password_input_field" time="0.0">
    <skipped/>
  </testcase> <!-- To_verify_application_allow_to_click_and_pass_data_in_new_password_input_field -->
  <testcase classname="TestClass.Login_and_Add_DeleteUserTest" name="To_verify_change_password_functionality_if_we_pass_invalid_current_password_while_changing_password" time="0.0">
    <skipped/>
  </testcase> <!-- To_verify_change_password_functionality_if_we_pass_invalid_current_password_while_changing_password -->
  <testcase classname="TestClass.Login_and_Add_DeleteUserTest" name="To_verify_change_password_functionality_if_we_pass_valid_data_in_all_fields" time="0.0">
    <skipped/>
  </testcase> <!-- To_verify_change_password_functionality_if_we_pass_valid_data_in_all_fields -->
  <testcase classname="TestClass.DeviceOnboardTest" name="To_Verify_On_Acknowledgement_page_application_allow_to_click_on_Agree_button" time="0.0">
    <skipped/>
  </testcase> <!-- To_Verify_On_Acknowledgement_page_application_allow_to_click_on_Agree_button -->
  <testcase classname="TestClass.DeviceOnboardTest" name="To_Verify_The_login_functionality_after_changing_password" time="0.0">
    <skipped/>
  </testcase> <!-- To_Verify_The_login_functionality_after_changing_password -->
  <testcase classname="TestClass.DeviceOnboardTest" name="To_Verify_Search_functionality_by_passing_imei" time="0.0">
    <skipped/>
  </testcase> <!-- To_Verify_Search_functionality_by_passing_imei -->
  <testcase classname="TestClass.DeviceOnboardTest" name="To_verify_after_search_imei_is_reset_button_working_as_expected" time="0.0">
    <skipped/>
  </testcase> <!-- To_verify_after_search_imei_is_reset_button_working_as_expected -->
  <testcase classname="TestClass.DeviceOnboardTest" name="To_verify_application_allow_to_click_on_device_onboard_tab" time="0.0">
    <skipped/>
  </testcase> <!-- To_verify_application_allow_to_click_on_device_onboard_tab -->
  <testcase classname="TestClass.DeviceOnboardTest" name="To_verify_application_allow_to_enter_data_in_imei1_input_field" time="0.0">
    <skipped/>
  </testcase> <!-- To_verify_application_allow_to_enter_data_in_imei1_input_field -->
  <testcase classname="TestClass.DeviceOnboardTest" name="To_verify_application_allow_to_enter_data_in_imei2_input_field" time="0.0">
    <skipped/>
  </testcase> <!-- To_verify_application_allow_to_enter_data_in_imei2_input_field -->
  <testcase classname="TestClass.DeviceOnboardTest" name="To_verify_application_allow_to_enter_data_in_manufacture_input_field" time="0.0">
    <skipped/>
  </testcase> <!-- To_verify_application_allow_to_enter_data_in_manufacture_input_field -->
  <testcase classname="TestClass.DeviceOnboardTest" name="To_verify_application_allow_to_select_device_type" time="0.0">
    <skipped/>
  </testcase> <!-- To_verify_application_allow_to_select_device_type -->
  <testcase classname="TestClass.DeviceOnboardTest" name="To_verify_Is_application_allow_to_enroll_alreday_exists_device_on_portal" time="0.0">
    <skipped/>
  </testcase> <!-- To_verify_Is_application_allow_to_enroll_alreday_exists_device_on_portal -->
  <testcase classname="TestClass.DeviceOnboardTest" name="To_verify_Is_application_allow_to_click_on_device_list_tab" time="0.0">
    <skipped/>
  </testcase> <!-- To_verify_Is_application_allow_to_click_on_device_list_tab -->
  <testcase classname="TestClass.DeviceOnboardTest" name="To_verify_Is_application_allow_to_click_on_action_option" time="0.0">
    <skipped/>
  </testcase> <!-- To_verify_Is_application_allow_to_click_on_action_option -->
  <testcase classname="TestClass.DeviceOnboardTest" name="To_verify_application_allow_to_click_on_view_device_option_via_action" time="0.0">
    <skipped/>
  </testcase> <!-- To_verify_application_allow_to_click_on_view_device_option_via_action -->
  <testcase classname="TestClass.DeviceOnboardTest" name="To_verify_on_view_device_page_application_allow_to_click_on_close_button" time="0.0">
    <skipped/>
  </testcase> <!-- To_verify_on_view_device_page_application_allow_to_click_on_close_button -->
  <testcase classname="TestClass.DeviceOnboardTest" name="To_verify_application_allow_to_send_reboot_device_command_to_device_via_action" time="0.0">
    <skipped/>
  </testcase> <!-- To_verify_application_allow_to_send_reboot_device_command_to_device_via_action -->
  <testcase classname="TestClass.DeviceOnboardTest" name="To_verify_application_allow_to_send_wipe_data_command_to_device_via_action" time="0.0">
    <skipped/>
  </testcase> <!-- To_verify_application_allow_to_send_wipe_data_command_to_device_via_action -->
  <testcase classname="TestClass.DeviceOnboardTest" name="To_verify_application_allow_to_send_lock_command_to_device_via_action" time="0.0">
    <skipped/>
  </testcase> <!-- To_verify_application_allow_to_send_lock_command_to_device_via_action -->
  <testcase classname="TestClass.DeviceOnboardTest" name="To_verify_application_allow_to_send_Unlock_command_to_device_via_action" time="0.0">
    <skipped/>
  </testcase> <!-- To_verify_application_allow_to_send_Unlock_command_to_device_via_action -->
  <testcase classname="TestClass.DeviceOnboardTest" name="To_verify_application_allow_to_click_on_view_command_status_via_action" time="0.0">
    <skipped/>
  </testcase> <!-- To_verify_application_allow_to_click_on_view_command_status_via_action -->
  <testcase classname="TestClass.DeviceOnboardTest" name="To_verify_on_view_command_status_page_application_allow_to_click_on_close_button" time="0.0">
    <skipped/>
  </testcase> <!-- To_verify_on_view_command_status_page_application_allow_to_click_on_close_button -->
  <testcase classname="TestClass.DeviceOnboardTest" name="To_verify_is_application_allow_to_click_on_command_history_tab" time="0.0">
    <skipped/>
  </testcase> <!-- To_verify_is_application_allow_to_click_on_command_history_tab -->
  <testcase classname="TestClass.DeviceOnboardTest" name="To_verify_after_search_imei_then_command_history_show_for_specific_device" time="0.0">
    <skipped/>
  </testcase> <!-- To_verify_after_search_imei_then_command_history_show_for_specific_device -->
  <testcase classname="TestClass.DeviceOnboardTest" name="To_Verify_application_allow_to_click_on_broadcast_message_tab" time="0.0">
    <skipped/>
  </testcase> <!-- To_Verify_application_allow_to_click_on_broadcast_message_tab -->
  <testcase classname="TestClass.DeviceOnboardTest" name="To_verify_application_allow_to_create_broadcast_message" time="0.0">
    <skipped/>
  </testcase> <!-- To_verify_application_allow_to_create_broadcast_message -->
</testsuite> <!-- Chrome_Test -->
