<?xml version="1.0" encoding="UTF-8"?>
<!-- Generated by org.testng.reporters.JUnitXMLReporter -->
<testsuite ignored="0" hostname="DESKTOP-VR22DQU" failures="2" tests="51" name="FireFox_Test" time="371.862" errors="0" timestamp="2025-03-17T16:10:52 IST">
  <testcase classname="TestClass.Login_and_Add_DeleteUserTest" name="@AfterMethod afterMethod" time="0.003">
    <failure type="org.openqa.selenium.NoSuchSessionException" message="Tried to run command without establishing a connection
Build info: version: &amp;apos;3.141.59&amp;apos;, revision: &amp;apos;e82be7d358&amp;apos;, time: &amp;apos;2018-11-14T08:17:03&amp;apos;
System info: host: &amp;apos;DESKTOP-VR22DQU&amp;apos;, ip: &amp;apos;100.0.164.67&amp;apos;, os.name: &amp;apos;Windows 10&amp;apos;, os.arch: &amp;apos;amd64&amp;apos;, os.version: &amp;apos;10.0&amp;apos;, java.version: &amp;apos;17.0.11&amp;apos;
Driver info: org.openqa.selenium.firefox.FirefoxDriver
Capabilities {acceptInsecureCerts: true, browserName: firefox, browserVersion: 126.0.1, javascriptEnabled: true, moz:accessibilityChecks: false, moz:buildID: 20240526221752, moz:geckodriverVersion: 0.35.0, moz:headless: false, moz:platformVersion: 10.0, moz:processID: 10112, moz:profile: C:\Users\XEEDO\AppData\Loca..., moz:shutdownTimeout: 60000, moz:webdriverClick: true, moz:windowless: false, pageLoadStrategy: normal, platform: WINDOWS, platformName: WINDOWS, proxy: Proxy(), setWindowRect: true, strictFileInteractability: false, timeouts: {implicit: 0, pageLoad: 300000, script: 30000}, unhandledPromptBehavior: dismiss and notify, userAgent: Mozilla/5.0 (Windows NT 10....}
Session ID: 551b8178-5935-4113-a057-269f9496fb68">
      <![CDATA[org.openqa.selenium.NoSuchSessionException: Tried to run command without establishing a connection
Build info: version: '3.141.59', revision: 'e82be7d358', time: '2018-11-14T08:17:03'
System info: host: 'DESKTOP-VR22DQU', ip: '100.0.164.67', os.name: 'Windows 10', os.arch: 'amd64', os.version: '10.0', java.version: '17.0.11'
Driver info: org.openqa.selenium.firefox.FirefoxDriver
Capabilities {acceptInsecureCerts: true, browserName: firefox, browserVersion: 126.0.1, javascriptEnabled: true, moz:accessibilityChecks: false, moz:buildID: 20240526221752, moz:geckodriverVersion: 0.35.0, moz:headless: false, moz:platformVersion: 10.0, moz:processID: 10112, moz:profile: C:\Users\XEEDO\AppData\Loca..., moz:shutdownTimeout: 60000, moz:webdriverClick: true, moz:windowless: false, pageLoadStrategy: normal, platform: WINDOWS, platformName: WINDOWS, proxy: Proxy(), setWindowRect: true, strictFileInteractability: false, timeouts: {implicit: 0, pageLoad: 300000, script: 30000}, unhandledPromptBehavior: dismiss and notify, userAgent: Mozilla/5.0 (Windows NT 10....}
Session ID: 551b8178-5935-4113-a057-269f9496fb68
at org.openqa.selenium.remote.http.W3CHttpResponseCodec.createException(W3CHttpResponseCodec.java:187)
at org.openqa.selenium.remote.http.W3CHttpResponseCodec.decode(W3CHttpResponseCodec.java:122)
at org.openqa.selenium.remote.http.W3CHttpResponseCodec.decode(W3CHttpResponseCodec.java:49)
at org.openqa.selenium.remote.HttpCommandExecutor.execute(HttpCommandExecutor.java:158)
at org.openqa.selenium.remote.service.DriverCommandExecutor.execute(DriverCommandExecutor.java:83)
at org.openqa.selenium.remote.RemoteWebDriver.execute(RemoteWebDriver.java:552)
at org.openqa.selenium.remote.RemoteWebDriver.execute(RemoteWebDriver.java:609)
at org.openqa.selenium.remote.RemoteWebDriver.getScreenshotAs(RemoteWebDriver.java:295)
at Utils.Utility.captureScreenshot(Utility.java:24)
at TestClass.Login_and_Add_DeleteUserTest.afterMethod(Login_and_Add_DeleteUserTest.java:396)
at java.base/java.util.ArrayList.forEach(ArrayList.java:1511)
at java.base/java.util.concurrent.FutureTask.run(FutureTask.java:264)
at java.base/java.util.concurrent.ThreadPoolExecutor.runWorker(ThreadPoolExecutor.java:1136)
at java.base/java.util.concurrent.ThreadPoolExecutor$Worker.run(ThreadPoolExecutor.java:635)
at java.base/java.lang.Thread.run(Thread.java:842)
... Removed 27 stack frames]]>
    </failure>
  </testcase> <!-- @AfterMethod afterMethod -->
  <testcase classname="TestClass.Login_and_Add_DeleteUserTest" name="@BeforeMethod Open_the_Application" time="-1.742207989933E9">
    <skipped/>
  </testcase> <!-- @BeforeMethod Open_the_Application -->
  <testcase classname="TestClass.Login_and_Add_DeleteUserTest" name="@AfterMethod afterMethod" time="-1.742207989939E9">
    <skipped/>
  </testcase> <!-- @AfterMethod afterMethod -->
  <testcase classname="TestClass.Login_and_Add_DeleteUserTest" name="@BeforeMethod Open_the_Application" time="-1.74220798994E9">
    <skipped/>
  </testcase> <!-- @BeforeMethod Open_the_Application -->
  <testcase classname="TestClass.Login_and_Add_DeleteUserTest" name="@AfterMethod afterMethod" time="-1.742207989945E9">
    <skipped/>
  </testcase> <!-- @AfterMethod afterMethod -->
  <testcase classname="TestClass.Login_and_Add_DeleteUserTest" name="@BeforeMethod Open_the_Application" time="-1.742207989946E9">
    <skipped/>
  </testcase> <!-- @BeforeMethod Open_the_Application -->
  <testcase classname="TestClass.Login_and_Add_DeleteUserTest" name="@AfterMethod afterMethod" time="-1.742207989952E9">
    <skipped/>
  </testcase> <!-- @AfterMethod afterMethod -->
  <testcase classname="TestClass.Login_and_Add_DeleteUserTest" name="@BeforeMethod Open_the_Application" time="-1.742207989953E9">
    <skipped/>
  </testcase> <!-- @BeforeMethod Open_the_Application -->
  <testcase classname="TestClass.Login_and_Add_DeleteUserTest" name="@AfterMethod afterMethod" time="-1.74220798996E9">
    <skipped/>
  </testcase> <!-- @AfterMethod afterMethod -->
  <testcase classname="TestClass.Login_and_Add_DeleteUserTest" name="@BeforeMethod Open_the_Application" time="-1.742207989962E9">
    <skipped/>
  </testcase> <!-- @BeforeMethod Open_the_Application -->
  <testcase classname="TestClass.Login_and_Add_DeleteUserTest" name="@AfterMethod afterMethod" time="-1.742207989967E9">
    <skipped/>
  </testcase> <!-- @AfterMethod afterMethod -->
  <testcase classname="TestClass.Login_and_Add_DeleteUserTest" name="@BeforeMethod Open_the_Application" time="-1.742207989969E9">
    <skipped/>
  </testcase> <!-- @BeforeMethod Open_the_Application -->
  <testcase classname="TestClass.Login_and_Add_DeleteUserTest" name="@AfterMethod afterMethod" time="-1.742207989975E9">
    <skipped/>
  </testcase> <!-- @AfterMethod afterMethod -->
  <testcase classname="TestClass.Login_and_Add_DeleteUserTest" name="@BeforeMethod Open_the_Application" time="-1.742207989977E9">
    <skipped/>
  </testcase> <!-- @BeforeMethod Open_the_Application -->
  <testcase classname="TestClass.Login_and_Add_DeleteUserTest" name="@AfterMethod afterMethod" time="-1.742207989982E9">
    <skipped/>
  </testcase> <!-- @AfterMethod afterMethod -->
  <testcase classname="TestClass.Login_and_Add_DeleteUserTest" name="@BeforeMethod Open_the_Application" time="-1.742207989984E9">
    <skipped/>
  </testcase> <!-- @BeforeMethod Open_the_Application -->
  <testcase classname="TestClass.Login_and_Add_DeleteUserTest" name="@AfterMethod afterMethod" time="-1.742207989987E9">
    <skipped/>
  </testcase> <!-- @AfterMethod afterMethod -->
  <testcase classname="TestClass.Login_and_Add_DeleteUserTest" name="@AfterClass clearObject" time="-1.74220798999E9">
    <skipped/>
  </testcase> <!-- @AfterClass clearObject -->
  <testcase classname="TestClass.DeviceOnboardTest" name="@AfterMethod afterMethod" time="0.092">
    <failure type="java.io.FileNotFoundException" message="C:\Users\sanja\eclipse-workspace\Blockarmour.com\test-output\FailTestScreenshots\ScreenshotsTEST-TC-29  17-03-2025 16-10-051.png (The system cannot find the path specified)">
      <![CDATA[java.io.FileNotFoundException: C:\Users\sanja\eclipse-workspace\Blockarmour.com\test-output\FailTestScreenshots\ScreenshotsTEST-TC-29  17-03-2025 16-10-051.png (The system cannot find the path specified)
at java.base/java.io.FileOutputStream.open0(Native Method)
at java.base/java.io.FileOutputStream.open(FileOutputStream.java:293)
at java.base/java.io.FileOutputStream.<init>(FileOutputStream.java:235)
at java.base/java.io.FileOutputStream.<init>(FileOutputStream.java:184)
at org.openqa.selenium.io.FileHandler.copyFile(FileHandler.java:138)
at org.openqa.selenium.io.FileHandler.copy(FileHandler.java:117)
at Utils.Utility.captureScreenshot(Utility.java:32)
at TestClass.DeviceOnboardTest.afterMethod(DeviceOnboardTest.java:354)
at java.base/java.util.ArrayList.forEach(ArrayList.java:1511)
at java.base/java.util.concurrent.FutureTask.run(FutureTask.java:264)
at java.base/java.util.concurrent.ThreadPoolExecutor.runWorker(ThreadPoolExecutor.java:1136)
at java.base/java.util.concurrent.ThreadPoolExecutor$Worker.run(ThreadPoolExecutor.java:635)
at java.base/java.lang.Thread.run(Thread.java:842)
... Removed 23 stack frames]]>
    </failure>
  </testcase> <!-- @AfterMethod afterMethod -->
  <testcase classname="TestClass.DeviceOnboardTest" name="@BeforeMethod Open_the_Application" time="-1.742208051839E9">
    <skipped/>
  </testcase> <!-- @BeforeMethod Open_the_Application -->
  <testcase classname="TestClass.DeviceOnboardTest" name="@AfterMethod afterMethod" time="-1.742208051842E9">
    <skipped/>
  </testcase> <!-- @AfterMethod afterMethod -->
  <testcase classname="TestClass.DeviceOnboardTest" name="@BeforeMethod Open_the_Application" time="-1.742208051843E9">
    <skipped/>
  </testcase> <!-- @BeforeMethod Open_the_Application -->
  <testcase classname="TestClass.DeviceOnboardTest" name="@AfterMethod afterMethod" time="-1.742208051847E9">
    <skipped/>
  </testcase> <!-- @AfterMethod afterMethod -->
  <testcase classname="TestClass.DeviceOnboardTest" name="@BeforeMethod Open_the_Application" time="-1.742208051848E9">
    <skipped/>
  </testcase> <!-- @BeforeMethod Open_the_Application -->
  <testcase classname="TestClass.DeviceOnboardTest" name="@AfterMethod afterMethod" time="-1.742208051852E9">
    <skipped/>
  </testcase> <!-- @AfterMethod afterMethod -->
  <testcase classname="TestClass.DeviceOnboardTest" name="@BeforeMethod Open_the_Application" time="-1.742208051854E9">
    <skipped/>
  </testcase> <!-- @BeforeMethod Open_the_Application -->
  <testcase classname="TestClass.DeviceOnboardTest" name="@AfterMethod afterMethod" time="-1.742208051857E9">
    <skipped/>
  </testcase> <!-- @AfterMethod afterMethod -->
  <testcase classname="TestClass.DeviceOnboardTest" name="@BeforeMethod Open_the_Application" time="-1.742208051858E9">
    <skipped/>
  </testcase> <!-- @BeforeMethod Open_the_Application -->
  <testcase classname="TestClass.DeviceOnboardTest" name="@AfterMethod afterMethod" time="-1.742208051861E9">
    <skipped/>
  </testcase> <!-- @AfterMethod afterMethod -->
  <testcase classname="TestClass.DeviceOnboardTest" name="@BeforeMethod Open_the_Application" time="-1.742208051862E9">
    <skipped/>
  </testcase> <!-- @BeforeMethod Open_the_Application -->
  <testcase classname="TestClass.DeviceOnboardTest" name="@AfterMethod afterMethod" time="-1.742208051865E9">
    <skipped/>
  </testcase> <!-- @AfterMethod afterMethod -->
  <testcase classname="TestClass.DeviceOnboardTest" name="@BeforeMethod Open_the_Application" time="-1.742208051866E9">
    <skipped/>
  </testcase> <!-- @BeforeMethod Open_the_Application -->
  <testcase classname="TestClass.DeviceOnboardTest" name="@AfterMethod afterMethod" time="-1.742208051868E9">
    <skipped/>
  </testcase> <!-- @AfterMethod afterMethod -->
  <testcase classname="TestClass.DeviceOnboardTest" name="@BeforeMethod Open_the_Application" time="-1.74220805187E9">
    <skipped/>
  </testcase> <!-- @BeforeMethod Open_the_Application -->
  <testcase classname="TestClass.DeviceOnboardTest" name="@AfterMethod afterMethod" time="-1.742208051872E9">
    <skipped/>
  </testcase> <!-- @AfterMethod afterMethod -->
  <testcase classname="TestClass.DeviceOnboardTest" name="@BeforeMethod Open_the_Application" time="-1.742208051873E9">
    <skipped/>
  </testcase> <!-- @BeforeMethod Open_the_Application -->
  <testcase classname="TestClass.DeviceOnboardTest" name="@AfterMethod afterMethod" time="-1.74220805188E9">
    <skipped/>
  </testcase> <!-- @AfterMethod afterMethod -->
  <testcase classname="TestClass.DeviceOnboardTest" name="@BeforeMethod Open_the_Application" time="-1.742208051881E9">
    <skipped/>
  </testcase> <!-- @BeforeMethod Open_the_Application -->
  <testcase classname="TestClass.DeviceOnboardTest" name="@AfterMethod afterMethod" time="-1.742208051885E9">
    <skipped/>
  </testcase> <!-- @AfterMethod afterMethod -->
  <testcase classname="TestClass.DeviceOnboardTest" name="@BeforeMethod Open_the_Application" time="-1.742208051886E9">
    <skipped/>
  </testcase> <!-- @BeforeMethod Open_the_Application -->
  <testcase classname="TestClass.DeviceOnboardTest" name="@AfterMethod afterMethod" time="-1.742208051889E9">
    <skipped/>
  </testcase> <!-- @AfterMethod afterMethod -->
  <testcase classname="TestClass.DeviceOnboardTest" name="@BeforeMethod Open_the_Application" time="-1.742208051892E9">
    <skipped/>
  </testcase> <!-- @BeforeMethod Open_the_Application -->
  <testcase classname="TestClass.DeviceOnboardTest" name="@AfterMethod afterMethod" time="-1.742208051897E9">
    <skipped/>
  </testcase> <!-- @AfterMethod afterMethod -->
  <testcase classname="TestClass.DeviceOnboardTest" name="@BeforeMethod Open_the_Application" time="-1.742208051902E9">
    <skipped/>
  </testcase> <!-- @BeforeMethod Open_the_Application -->
  <testcase classname="TestClass.DeviceOnboardTest" name="@AfterMethod afterMethod" time="-1.742208051907E9">
    <skipped/>
  </testcase> <!-- @AfterMethod afterMethod -->
  <testcase classname="TestClass.DeviceOnboardTest" name="@BeforeMethod Open_the_Application" time="-1.742208051909E9">
    <skipped/>
  </testcase> <!-- @BeforeMethod Open_the_Application -->
  <testcase classname="TestClass.DeviceOnboardTest" name="@AfterMethod afterMethod" time="-1.742208051911E9">
    <skipped/>
  </testcase> <!-- @AfterMethod afterMethod -->
  <testcase classname="TestClass.DeviceOnboardTest" name="@BeforeMethod Open_the_Application" time="-1.742208051912E9">
    <skipped/>
  </testcase> <!-- @BeforeMethod Open_the_Application -->
  <testcase classname="TestClass.DeviceOnboardTest" name="@AfterMethod afterMethod" time="-1.742208051914E9">
    <skipped/>
  </testcase> <!-- @AfterMethod afterMethod -->
  <testcase classname="TestClass.DeviceOnboardTest" name="@BeforeMethod Open_the_Application" time="-1.742208051916E9">
    <skipped/>
  </testcase> <!-- @BeforeMethod Open_the_Application -->
  <testcase classname="TestClass.DeviceOnboardTest" name="@AfterMethod afterMethod" time="-1.742208051918E9">
    <skipped/>
  </testcase> <!-- @AfterMethod afterMethod -->
  <testcase classname="TestClass.DeviceOnboardTest" name="@BeforeMethod Open_the_Application" time="-1.742208051919E9">
    <skipped/>
  </testcase> <!-- @BeforeMethod Open_the_Application -->
  <testcase classname="TestClass.DeviceOnboardTest" name="@AfterMethod afterMethod" time="-1.742208051923E9">
    <skipped/>
  </testcase> <!-- @AfterMethod afterMethod -->
  <testcase classname="TestClass.DeviceOnboardTest" name="@BeforeMethod Open_the_Application" time="-1.742208051926E9">
    <skipped/>
  </testcase> <!-- @BeforeMethod Open_the_Application -->
  <testcase classname="TestClass.DeviceOnboardTest" name="@AfterMethod afterMethod" time="-1.742208051931E9">
    <skipped/>
  </testcase> <!-- @AfterMethod afterMethod -->
  <testcase classname="TestClass.DeviceOnboardTest" name="@BeforeMethod Open_the_Application" time="-1.742208051944E9">
    <skipped/>
  </testcase> <!-- @BeforeMethod Open_the_Application -->
  <testcase classname="TestClass.DeviceOnboardTest" name="@AfterMethod afterMethod" time="-1.742208051947E9">
    <skipped/>
  </testcase> <!-- @AfterMethod afterMethod -->
  <testcase classname="TestClass.DeviceOnboardTest" name="@BeforeMethod Open_the_Application" time="-1.74220805195E9">
    <skipped/>
  </testcase> <!-- @BeforeMethod Open_the_Application -->
  <testcase classname="TestClass.DeviceOnboardTest" name="@AfterMethod afterMethod" time="-1.742208051954E9">
    <skipped/>
  </testcase> <!-- @AfterMethod afterMethod -->
  <testcase classname="TestClass.DeviceOnboardTest" name="@BeforeMethod Open_the_Application" time="-1.74220805196E9">
    <skipped/>
  </testcase> <!-- @BeforeMethod Open_the_Application -->
  <testcase classname="TestClass.DeviceOnboardTest" name="@AfterMethod afterMethod" time="-1.742208051964E9">
    <skipped/>
  </testcase> <!-- @AfterMethod afterMethod -->
  <testcase classname="TestClass.DeviceOnboardTest" name="@BeforeMethod Open_the_Application" time="-1.742208051971E9">
    <skipped/>
  </testcase> <!-- @BeforeMethod Open_the_Application -->
  <testcase classname="TestClass.DeviceOnboardTest" name="@AfterMethod afterMethod" time="-1.742208051974E9">
    <skipped/>
  </testcase> <!-- @AfterMethod afterMethod -->
  <testcase classname="TestClass.DeviceOnboardTest" name="@AfterClass clearObject" time="-1.742208051976E9">
    <skipped/>
  </testcase> <!-- @AfterClass clearObject -->
  <testcase classname="TestClass.DeviceOnboardTest" name="@AfterTest afterTest" time="-1.742208051978E9">
    <skipped/>
  </testcase> <!-- @AfterTest afterTest -->
  <testcase classname="TestClass.Login_and_Add_DeleteUserTest" name="@AfterTest afterTest" time="-1.74220805198E9">
    <skipped/>
  </testcase> <!-- @AfterTest afterTest -->
  <testcase classname="TestClass.Login_and_Add_DeleteUserTest" name="To_verify_application_allow_to_click_on_Disagree_button" time="4.313"/>
  <testcase classname="TestClass.Login_and_Add_DeleteUserTest" name="To_verify_application_allow_to_click_on_Privacy_Policy_Terms_and_Condition_link" time="5.402"/>
  <testcase classname="TestClass.Login_and_Add_DeleteUserTest" name="To_Verify_On_Acknowledgement_page_application_allow_to_click_on_Agree_button" time="7.193"/>
  <testcase classname="TestClass.Login_and_Add_DeleteUserTest" name="To_verify_application_allow_to_login_without_passing_username_password_data_in_input_fields" time="2.262"/>
  <testcase classname="TestClass.Login_and_Add_DeleteUserTest" name="To_verify_application_allow_to_click_on_Forgot_Password_link" time="4.257"/>
  <testcase classname="TestClass.Login_and_Add_DeleteUserTest" name="To_verify_application_allow_to_navigate_on_login_page" time="7.049"/>
  <testcase classname="TestClass.Login_and_Add_DeleteUserTest" name="To_verify_application_allow_to_pass_data_in_username_input_field" time="9.415"/>
  <testcase classname="TestClass.Login_and_Add_DeleteUserTest" name="To_verify_application_allow_to_pass_data_in_Password_input_field" time="2.258"/>
  <testcase classname="TestClass.Login_and_Add_DeleteUserTest" name="To_verify_application_allow_to_click_on_send_otp" time="4.303"/>
  <testcase classname="TestClass.Login_and_Add_DeleteUserTest" name="To_verify_after_passing_OTP_application_allow_to_click_on_login_button" time="18.237"/>
  <testcase classname="TestClass.Login_and_Add_DeleteUserTest" name="To_verify_application_allow_to_click_on_settings_and_then_User_management_tab" time="17.501"/>
  <testcase classname="TestClass.Login_and_Add_DeleteUserTest" name="To_verify_application_allow_to_click_on_add_user_button" time="5.281"/>
  <testcase classname="TestClass.Login_and_Add_DeleteUserTest" name="To_verify_application_allow_to_create_New_user_after_passing_valid_data_in_all_input_fields" time="9.25"/>
  <testcase classname="TestClass.Login_and_Add_DeleteUserTest" name="To_verify_created_user_showing_in_user_list" time="9.487"/>
  <testcase classname="TestClass.Login_and_Add_DeleteUserTest" name="To_verify_search_functionality_if_we_pass_invalid_username_in_search_bar" time="10.083"/>
  <testcase classname="TestClass.Login_and_Add_DeleteUserTest" name="To_verify_search_functionality_if_we_pass_valid_username_in_search_bar" time="5.553"/>
  <testcase classname="TestClass.Login_and_Add_DeleteUserTest" name="To_verify_application_showing_Unlock_user_in_account_status" time="10.273"/>
  <testcase classname="TestClass.Login_and_Add_DeleteUserTest" name="To_verify_application_allow_to_delete_user" time="10.022"/>
  <testcase classname="TestClass.Login_and_Add_DeleteUserTest" name="To_verify_application_allow_to_click_on_update_account_tab" time="5.177">
    <failure type="org.openqa.selenium.WebDriverException" message="Failed to decode response from marionette
Build info: version: &amp;apos;3.141.59&amp;apos;, revision: &amp;apos;e82be7d358&amp;apos;, time: &amp;apos;2018-11-14T08:17:03&amp;apos;
System info: host: &amp;apos;DESKTOP-VR22DQU&amp;apos;, ip: &amp;apos;100.0.164.67&amp;apos;, os.name: &amp;apos;Windows 10&amp;apos;, os.arch: &amp;apos;amd64&amp;apos;, os.version: &amp;apos;10.0&amp;apos;, java.version: &amp;apos;17.0.11&amp;apos;
Driver info: org.openqa.selenium.firefox.FirefoxDriver
Capabilities {acceptInsecureCerts: true, browserName: firefox, browserVersion: 126.0.1, javascriptEnabled: true, moz:accessibilityChecks: false, moz:buildID: 20240526221752, moz:geckodriverVersion: 0.35.0, moz:headless: false, moz:platformVersion: 10.0, moz:processID: 10112, moz:profile: C:\Users\XEEDO\AppData\Loca..., moz:shutdownTimeout: 60000, moz:webdriverClick: true, moz:windowless: false, pageLoadStrategy: normal, platform: WINDOWS, platformName: WINDOWS, proxy: Proxy(), setWindowRect: true, strictFileInteractability: false, timeouts: {implicit: 0, pageLoad: 300000, script: 30000}, unhandledPromptBehavior: dismiss and notify, userAgent: Mozilla/5.0 (Windows NT 10....}
Session ID: 551b8178-5935-4113-a057-269f9496fb68
*** Element info: {Using=xpath, value=(//a[@class=&amp;apos;link dropdown-item&amp;apos;])[5]}">
      <![CDATA[org.openqa.selenium.WebDriverException: Failed to decode response from marionette
Build info: version: '3.141.59', revision: 'e82be7d358', time: '2018-11-14T08:17:03'
System info: host: 'DESKTOP-VR22DQU', ip: '100.0.164.67', os.name: 'Windows 10', os.arch: 'amd64', os.version: '10.0', java.version: '17.0.11'
Driver info: org.openqa.selenium.firefox.FirefoxDriver
Capabilities {acceptInsecureCerts: true, browserName: firefox, browserVersion: 126.0.1, javascriptEnabled: true, moz:accessibilityChecks: false, moz:buildID: 20240526221752, moz:geckodriverVersion: 0.35.0, moz:headless: false, moz:platformVersion: 10.0, moz:processID: 10112, moz:profile: C:\Users\XEEDO\AppData\Loca..., moz:shutdownTimeout: 60000, moz:webdriverClick: true, moz:windowless: false, pageLoadStrategy: normal, platform: WINDOWS, platformName: WINDOWS, proxy: Proxy(), setWindowRect: true, strictFileInteractability: false, timeouts: {implicit: 0, pageLoad: 300000, script: 30000}, unhandledPromptBehavior: dismiss and notify, userAgent: Mozilla/5.0 (Windows NT 10....}
Session ID: 551b8178-5935-4113-a057-269f9496fb68
*** Element info: {Using=xpath, value=(//a[@class='link dropdown-item'])[5]}
at org.openqa.selenium.remote.http.W3CHttpResponseCodec.createException(W3CHttpResponseCodec.java:187)
at org.openqa.selenium.remote.http.W3CHttpResponseCodec.decode(W3CHttpResponseCodec.java:122)
at org.openqa.selenium.remote.http.W3CHttpResponseCodec.decode(W3CHttpResponseCodec.java:49)
at org.openqa.selenium.remote.HttpCommandExecutor.execute(HttpCommandExecutor.java:158)
at org.openqa.selenium.remote.service.DriverCommandExecutor.execute(DriverCommandExecutor.java:83)
at org.openqa.selenium.remote.RemoteWebDriver.execute(RemoteWebDriver.java:552)
at org.openqa.selenium.remote.RemoteWebDriver.findElement(RemoteWebDriver.java:323)
at org.openqa.selenium.remote.RemoteWebDriver.findElementByXPath(RemoteWebDriver.java:428)
at org.openqa.selenium.By$ByXPath.findElement(By.java:353)
at org.openqa.selenium.remote.RemoteWebDriver.findElement(RemoteWebDriver.java:315)
at org.openqa.selenium.support.pagefactory.DefaultElementLocator.findElement(DefaultElementLocator.java:69)
at org.openqa.selenium.support.pagefactory.internal.LocatingElementHandler.invoke(LocatingElementHandler.java:38)
at jdk.proxy2/jdk.proxy2.$Proxy17.click(Unknown Source)
at PagePOM.UpdateAccount.ClickOnSettings(UpdateAccount.java:45)
at TestClass.Login_and_Add_DeleteUserTest.To_verify_application_allow_to_click_on_update_account_tab(Login_and_Add_DeleteUserTest.java:285)
at java.base/java.util.ArrayList.forEach(ArrayList.java:1511)
at java.base/java.util.concurrent.FutureTask.run(FutureTask.java:264)
at java.base/java.util.concurrent.ThreadPoolExecutor.runWorker(ThreadPoolExecutor.java:1136)
at java.base/java.util.concurrent.ThreadPoolExecutor$Worker.run(ThreadPoolExecutor.java:635)
at java.base/java.lang.Thread.run(Thread.java:842)
... Removed 23 stack frames]]>
    </failure>
  </testcase> <!-- To_verify_application_allow_to_click_on_update_account_tab -->
  <testcase classname="TestClass.Login_and_Add_DeleteUserTest" name="To_verify_application_allow_to_click_on_edit_button" time="0.0">
    <skipped/>
  </testcase> <!-- To_verify_application_allow_to_click_on_edit_button -->
  <testcase classname="TestClass.Login_and_Add_DeleteUserTest" name="To_verify_whether_application_allows_editing_data_in_customer_care_field_and_updates_it_successfully_or_not" time="0.0">
    <skipped/>
  </testcase> <!-- To_verify_whether_application_allows_editing_data_in_customer_care_field_and_updates_it_successfully_or_not -->
  <testcase classname="TestClass.Login_and_Add_DeleteUserTest" name="To_verify_whether_application_allows_editing_data_in_the_logo_input_field_and_updates_it_successfully_or_not" time="0.0">
    <skipped/>
  </testcase> <!-- To_verify_whether_application_allows_editing_data_in_the_logo_input_field_and_updates_it_successfully_or_not -->
  <testcase classname="TestClass.Login_and_Add_DeleteUserTest" name="To_verify_application_allow_to_click_on_change_password_tab" time="0.0">
    <skipped/>
  </testcase> <!-- To_verify_application_allow_to_click_on_change_password_tab -->
  <testcase classname="TestClass.Login_and_Add_DeleteUserTest" name="To_verify_application_allow_to_click_and_pass_data_in_current_password_input_field" time="0.0">
    <skipped/>
  </testcase> <!-- To_verify_application_allow_to_click_and_pass_data_in_current_password_input_field -->
  <testcase classname="TestClass.Login_and_Add_DeleteUserTest" name="To_verify_application_allow_to_click_and_pass_data_in_new_password_input_field" time="0.0">
    <skipped/>
  </testcase> <!-- To_verify_application_allow_to_click_and_pass_data_in_new_password_input_field -->
  <testcase classname="TestClass.Login_and_Add_DeleteUserTest" name="To_verify_change_password_functionality_if_we_pass_invalid_current_password_while_changing_password" time="0.0">
    <skipped/>
  </testcase> <!-- To_verify_change_password_functionality_if_we_pass_invalid_current_password_while_changing_password -->
  <testcase classname="TestClass.Login_and_Add_DeleteUserTest" name="To_verify_change_password_functionality_if_we_pass_valid_data_in_all_fields" time="0.0">
    <skipped/>
  </testcase> <!-- To_verify_change_password_functionality_if_we_pass_valid_data_in_all_fields -->
  <testcase classname="TestClass.DeviceOnboardTest" name="To_Verify_On_Acknowledgement_page_application_allow_to_click_on_Agree_button" time="5.083"/>
  <testcase classname="TestClass.DeviceOnboardTest" name="To_Verify_The_login_functionality_after_changing_password" time="39.082">
    <failure type="org.openqa.selenium.ElementClickInterceptedException" message="Element &amp;lt;button class=&amp;quot;btn btn-primary pointer&amp;quot; type=&amp;quot;submit&amp;quot;&amp;gt; is not clickable at point (640,399) because another element &amp;lt;div class=&amp;quot;button login-btn&amp;quot;&amp;gt; obscures it
Build info: version: &amp;apos;3.141.59&amp;apos;, revision: &amp;apos;e82be7d358&amp;apos;, time: &amp;apos;2018-11-14T08:17:03&amp;apos;
System info: host: &amp;apos;DESKTOP-VR22DQU&amp;apos;, ip: &amp;apos;100.0.164.67&amp;apos;, os.name: &amp;apos;Windows 10&amp;apos;, os.arch: &amp;apos;amd64&amp;apos;, os.version: &amp;apos;10.0&amp;apos;, java.version: &amp;apos;17.0.11&amp;apos;
Driver info: org.openqa.selenium.firefox.FirefoxDriver
Capabilities {acceptInsecureCerts: true, browserName: firefox, browserVersion: 126.0.1, javascriptEnabled: true, moz:accessibilityChecks: false, moz:buildID: 20240526221752, moz:geckodriverVersion: 0.35.0, moz:headless: false, moz:platformVersion: 10.0, moz:processID: 13676, moz:profile: C:\Users\XEEDO\AppData\Loca..., moz:shutdownTimeout: 60000, moz:webdriverClick: true, moz:windowless: false, pageLoadStrategy: normal, platform: WINDOWS, platformName: WINDOWS, proxy: Proxy(), setWindowRect: true, strictFileInteractability: false, timeouts: {implicit: 0, pageLoad: 300000, script: 30000}, unhandledPromptBehavior: dismiss and notify, userAgent: Mozilla/5.0 (Windows NT 10....}
Session ID: 4401e382-869e-47cb-905d-e5bccc557b87">
      <![CDATA[org.openqa.selenium.ElementClickInterceptedException: Element <button class="btn btn-primary pointer" type="submit"> is not clickable at point (640,399) because another element <div class="button login-btn"> obscures it
Build info: version: '3.141.59', revision: 'e82be7d358', time: '2018-11-14T08:17:03'
System info: host: 'DESKTOP-VR22DQU', ip: '100.0.164.67', os.name: 'Windows 10', os.arch: 'amd64', os.version: '10.0', java.version: '17.0.11'
Driver info: org.openqa.selenium.firefox.FirefoxDriver
Capabilities {acceptInsecureCerts: true, browserName: firefox, browserVersion: 126.0.1, javascriptEnabled: true, moz:accessibilityChecks: false, moz:buildID: 20240526221752, moz:geckodriverVersion: 0.35.0, moz:headless: false, moz:platformVersion: 10.0, moz:processID: 13676, moz:profile: C:\Users\XEEDO\AppData\Loca..., moz:shutdownTimeout: 60000, moz:webdriverClick: true, moz:windowless: false, pageLoadStrategy: normal, platform: WINDOWS, platformName: WINDOWS, proxy: Proxy(), setWindowRect: true, strictFileInteractability: false, timeouts: {implicit: 0, pageLoad: 300000, script: 30000}, unhandledPromptBehavior: dismiss and notify, userAgent: Mozilla/5.0 (Windows NT 10....}
Session ID: 4401e382-869e-47cb-905d-e5bccc557b87
at org.openqa.selenium.remote.http.W3CHttpResponseCodec.createException(W3CHttpResponseCodec.java:187)
at org.openqa.selenium.remote.http.W3CHttpResponseCodec.decode(W3CHttpResponseCodec.java:122)
at org.openqa.selenium.remote.http.W3CHttpResponseCodec.decode(W3CHttpResponseCodec.java:49)
at org.openqa.selenium.remote.HttpCommandExecutor.execute(HttpCommandExecutor.java:158)
at org.openqa.selenium.remote.service.DriverCommandExecutor.execute(DriverCommandExecutor.java:83)
at org.openqa.selenium.remote.RemoteWebDriver.execute(RemoteWebDriver.java:552)
at org.openqa.selenium.remote.RemoteWebElement.execute(RemoteWebElement.java:285)
at org.openqa.selenium.remote.RemoteWebElement.click(RemoteWebElement.java:84)
at org.openqa.selenium.support.pagefactory.internal.LocatingElementHandler.invoke(LocatingElementHandler.java:51)
at jdk.proxy2/jdk.proxy2.$Proxy17.click(Unknown Source)
at PagePOM.LoginPage.ClickOnLoginButton(LoginPage.java:105)
at TestClass.DeviceOnboardTest.To_Verify_The_login_functionality_after_changing_password(DeviceOnboardTest.java:94)
at java.base/java.util.ArrayList.forEach(ArrayList.java:1511)
at java.base/java.util.concurrent.FutureTask.run(FutureTask.java:264)
at java.base/java.util.concurrent.ThreadPoolExecutor.runWorker(ThreadPoolExecutor.java:1136)
at java.base/java.util.concurrent.ThreadPoolExecutor$Worker.run(ThreadPoolExecutor.java:635)
at java.base/java.lang.Thread.run(Thread.java:842)
... Removed 26 stack frames]]>
    </failure>
  </testcase> <!-- To_Verify_The_login_functionality_after_changing_password -->
  <testcase classname="TestClass.DeviceOnboardTest" name="To_Verify_Search_functionality_by_passing_imei" time="0.0">
    <skipped/>
  </testcase> <!-- To_Verify_Search_functionality_by_passing_imei -->
  <testcase classname="TestClass.DeviceOnboardTest" name="To_verify_after_search_imei_is_reset_button_working_as_expected" time="0.0">
    <skipped/>
  </testcase> <!-- To_verify_after_search_imei_is_reset_button_working_as_expected -->
  <testcase classname="TestClass.DeviceOnboardTest" name="To_verify_application_allow_to_click_on_device_onboard_tab" time="0.0">
    <skipped/>
  </testcase> <!-- To_verify_application_allow_to_click_on_device_onboard_tab -->
  <testcase classname="TestClass.DeviceOnboardTest" name="To_verify_application_allow_to_enter_data_in_imei1_input_field" time="0.0">
    <skipped/>
  </testcase> <!-- To_verify_application_allow_to_enter_data_in_imei1_input_field -->
  <testcase classname="TestClass.DeviceOnboardTest" name="To_verify_application_allow_to_enter_data_in_imei2_input_field" time="0.0">
    <skipped/>
  </testcase> <!-- To_verify_application_allow_to_enter_data_in_imei2_input_field -->
  <testcase classname="TestClass.DeviceOnboardTest" name="To_verify_application_allow_to_enter_data_in_manufacture_input_field" time="0.0">
    <skipped/>
  </testcase> <!-- To_verify_application_allow_to_enter_data_in_manufacture_input_field -->
  <testcase classname="TestClass.DeviceOnboardTest" name="To_verify_application_allow_to_select_device_type" time="0.0">
    <skipped/>
  </testcase> <!-- To_verify_application_allow_to_select_device_type -->
  <testcase classname="TestClass.DeviceOnboardTest" name="To_verify_Is_application_allow_to_enroll_alreday_exists_device_on_portal" time="0.0">
    <skipped/>
  </testcase> <!-- To_verify_Is_application_allow_to_enroll_alreday_exists_device_on_portal -->
  <testcase classname="TestClass.DeviceOnboardTest" name="To_verify_Is_application_allow_to_click_on_device_list_tab" time="0.0">
    <skipped/>
  </testcase> <!-- To_verify_Is_application_allow_to_click_on_device_list_tab -->
  <testcase classname="TestClass.DeviceOnboardTest" name="To_verify_Is_application_allow_to_click_on_action_option" time="0.0">
    <skipped/>
  </testcase> <!-- To_verify_Is_application_allow_to_click_on_action_option -->
  <testcase classname="TestClass.DeviceOnboardTest" name="To_verify_application_allow_to_click_on_view_device_option_via_action" time="0.0">
    <skipped/>
  </testcase> <!-- To_verify_application_allow_to_click_on_view_device_option_via_action -->
  <testcase classname="TestClass.DeviceOnboardTest" name="To_verify_on_view_device_page_application_allow_to_click_on_close_button" time="0.0">
    <skipped/>
  </testcase> <!-- To_verify_on_view_device_page_application_allow_to_click_on_close_button -->
  <testcase classname="TestClass.DeviceOnboardTest" name="To_verify_application_allow_to_send_reboot_device_command_to_device_via_action" time="0.0">
    <skipped/>
  </testcase> <!-- To_verify_application_allow_to_send_reboot_device_command_to_device_via_action -->
  <testcase classname="TestClass.DeviceOnboardTest" name="To_verify_application_allow_to_send_wipe_data_command_to_device_via_action" time="0.0">
    <skipped/>
  </testcase> <!-- To_verify_application_allow_to_send_wipe_data_command_to_device_via_action -->
  <testcase classname="TestClass.DeviceOnboardTest" name="To_verify_application_allow_to_send_lock_command_to_device_via_action" time="0.0">
    <skipped/>
  </testcase> <!-- To_verify_application_allow_to_send_lock_command_to_device_via_action -->
  <testcase classname="TestClass.DeviceOnboardTest" name="To_verify_application_allow_to_send_Unlock_command_to_device_via_action" time="0.0">
    <skipped/>
  </testcase> <!-- To_verify_application_allow_to_send_Unlock_command_to_device_via_action -->
  <testcase classname="TestClass.DeviceOnboardTest" name="To_verify_application_allow_to_click_on_view_command_status_via_action" time="0.0">
    <skipped/>
  </testcase> <!-- To_verify_application_allow_to_click_on_view_command_status_via_action -->
  <testcase classname="TestClass.DeviceOnboardTest" name="To_verify_on_view_command_status_page_application_allow_to_click_on_close_button" time="0.0">
    <skipped/>
  </testcase> <!-- To_verify_on_view_command_status_page_application_allow_to_click_on_close_button -->
  <testcase classname="TestClass.DeviceOnboardTest" name="To_verify_is_application_allow_to_click_on_command_history_tab" time="0.0">
    <skipped/>
  </testcase> <!-- To_verify_is_application_allow_to_click_on_command_history_tab -->
  <testcase classname="TestClass.DeviceOnboardTest" name="To_verify_after_search_imei_then_command_history_show_for_specific_device" time="0.0">
    <skipped/>
  </testcase> <!-- To_verify_after_search_imei_then_command_history_show_for_specific_device -->
  <testcase classname="TestClass.DeviceOnboardTest" name="To_Verify_application_allow_to_click_on_broadcast_message_tab" time="0.0">
    <skipped/>
  </testcase> <!-- To_Verify_application_allow_to_click_on_broadcast_message_tab -->
  <testcase classname="TestClass.DeviceOnboardTest" name="To_verify_application_allow_to_create_broadcast_message" time="0.0">
    <skipped/>
  </testcase> <!-- To_verify_application_allow_to_create_broadcast_message -->
</testsuite> <!-- FireFox_Test -->
