<?xml version="1.0" encoding="UTF-8"?>
<!-- Generated by org.testng.reporters.JUnitReportReporter -->
<testsuite hostname="DESKTOP-VR22DQU" failures="0" tests="28" name="TestClass.Login_and_Add_DeleteUserTest" time="136.968" errors="2" timestamp="2025-03-22T21:29:36 IST" skipped="17">
  <testcase classname="TestClass.Login_and_Add_DeleteUserTest" name="afterMethod" time="8.137">
    <error message="invalid session id
Build info: version: &#039;3.141.59&#039;, revision: &#039;e82be7d358&#039;, time: &#039;2018-11-14T08:17:03&#039;
System info: host: &#039;DESKTOP-VR22DQU&#039;, ip: &#039;192.168.144.220&#039;, os.name: &#039;Windows 10&#039;, os.arch: &#039;amd64&#039;, os.version: &#039;10.0&#039;, java.version: &#039;17.0.11&#039;
Driver info: org.openqa.selenium.chrome.ChromeDriver
Capabilities {acceptInsecureCerts: false, browserName: chrome, browserVersion: 134.0.6998.119, chrome: {chromedriverVersion: 133.0.6943.98 (da53563ceb66..., userDataDir: C:\Users\XEEDO\AppData\Loca...}, fedcm:accounts: true, goog:chromeOptions: {debuggerAddress: localhost:53723}, javascriptEnabled: true, networkConnectionEnabled: false, pageLoadStrategy: normal, platform: WINDOWS, platformName: WINDOWS, proxy: Proxy(), setWindowRect: true, strictFileInteractability: false, timeouts: {implicit: 0, pageLoad: 300000, script: 30000}, unhandledPromptBehavior: dismiss and notify, webauthn:extension:credBlob: true, webauthn:extension:largeBlob: true, webauthn:extension:minPinLength: true, webauthn:extension:prf: true, webauthn:virtualAuthenticators: true}
Session ID: 8dc5bbb9eca75da95fcd2cca63670763" type="org.openqa.selenium.NoSuchSessionException">
      <![CDATA[org.openqa.selenium.NoSuchSessionException: invalid session id
Build info: version: '3.141.59', revision: 'e82be7d358', time: '2018-11-14T08:17:03'
System info: host: 'DESKTOP-VR22DQU', ip: '192.168.144.220', os.name: 'Windows 10', os.arch: 'amd64', os.version: '10.0', java.version: '17.0.11'
Driver info: org.openqa.selenium.chrome.ChromeDriver
Capabilities {acceptInsecureCerts: false, browserName: chrome, browserVersion: 134.0.6998.119, chrome: {chromedriverVersion: 133.0.6943.98 (da53563ceb66..., userDataDir: C:\Users\XEEDO\AppData\Loca...}, fedcm:accounts: true, goog:chromeOptions: {debuggerAddress: localhost:53723}, javascriptEnabled: true, networkConnectionEnabled: false, pageLoadStrategy: normal, platform: WINDOWS, platformName: WINDOWS, proxy: Proxy(), setWindowRect: true, strictFileInteractability: false, timeouts: {implicit: 0, pageLoad: 300000, script: 30000}, unhandledPromptBehavior: dismiss and notify, webauthn:extension:credBlob: true, webauthn:extension:largeBlob: true, webauthn:extension:minPinLength: true, webauthn:extension:prf: true, webauthn:virtualAuthenticators: true}
Session ID: 8dc5bbb9eca75da95fcd2cca63670763
at java.base/jdk.internal.reflect.NativeConstructorAccessorImpl.newInstance0(Native Method)
at java.base/jdk.internal.reflect.NativeConstructorAccessorImpl.newInstance(NativeConstructorAccessorImpl.java:77)
at java.base/jdk.internal.reflect.DelegatingConstructorAccessorImpl.newInstance(DelegatingConstructorAccessorImpl.java:45)
at java.base/java.lang.reflect.Constructor.newInstanceWithCaller(Constructor.java:499)
at java.base/java.lang.reflect.Constructor.newInstance(Constructor.java:480)
at org.openqa.selenium.remote.http.W3CHttpResponseCodec.createException(W3CHttpResponseCodec.java:187)
at org.openqa.selenium.remote.http.W3CHttpResponseCodec.decode(W3CHttpResponseCodec.java:122)
at org.openqa.selenium.remote.http.W3CHttpResponseCodec.decode(W3CHttpResponseCodec.java:49)
at org.openqa.selenium.remote.HttpCommandExecutor.execute(HttpCommandExecutor.java:158)
at org.openqa.selenium.remote.service.DriverCommandExecutor.execute(DriverCommandExecutor.java:83)
at org.openqa.selenium.remote.RemoteWebDriver.execute(RemoteWebDriver.java:552)
at org.openqa.selenium.remote.RemoteWebDriver.execute(RemoteWebDriver.java:609)
at org.openqa.selenium.remote.RemoteWebDriver.getScreenshotAs(RemoteWebDriver.java:295)
at Utils.Utility.captureScreenshot(Utility.java:24)
at TestClass.Login_and_Add_DeleteUserTest.afterMethod(Login_and_Add_DeleteUserTest.java:397)
at java.base/jdk.internal.reflect.NativeMethodAccessorImpl.invoke0(Native Method)
at java.base/jdk.internal.reflect.NativeMethodAccessorImpl.invoke(NativeMethodAccessorImpl.java:77)
at java.base/jdk.internal.reflect.DelegatingMethodAccessorImpl.invoke(DelegatingMethodAccessorImpl.java:43)
at java.base/java.lang.reflect.Method.invoke(Method.java:568)
at org.testng.internal.MethodInvocationHelper.invokeMethod(MethodInvocationHelper.java:133)
at org.testng.internal.MethodInvocationHelper.invokeMethodConsideringTimeout(MethodInvocationHelper.java:62)
at org.testng.internal.ConfigInvoker.invokeConfigurationMethod(ConfigInvoker.java:385)
at org.testng.internal.ConfigInvoker.invokeConfigurations(ConfigInvoker.java:321)
at org.testng.internal.TestInvoker.runConfigMethods(TestInvoker.java:700)
at org.testng.internal.TestInvoker.runAfterGroupsConfigurations(TestInvoker.java:676)
at org.testng.internal.TestInvoker.invokeMethod(TestInvoker.java:660)
at org.testng.internal.TestInvoker.invokeTestMethod(TestInvoker.java:173)
at org.testng.internal.MethodRunner.runInSequence(MethodRunner.java:46)
at org.testng.internal.TestInvoker$MethodInvocationAgent.invoke(TestInvoker.java:824)
at org.testng.internal.TestInvoker.invokeTestMethods(TestInvoker.java:146)
at org.testng.internal.TestMethodWorker.invokeTestMethods(TestMethodWorker.java:146)
at org.testng.internal.TestMethodWorker.run(TestMethodWorker.java:128)
at java.base/java.util.ArrayList.forEach(ArrayList.java:1511)
at org.testng.TestRunner.privateRun(TestRunner.java:794)
at org.testng.TestRunner.run(TestRunner.java:596)
at org.testng.SuiteRunner.runTest(SuiteRunner.java:377)
at org.testng.SuiteRunner.access$000(SuiteRunner.java:28)
at org.testng.SuiteRunner$SuiteWorker.run(SuiteRunner.java:418)
at org.testng.internal.thread.ThreadUtil.lambda$execute$0(ThreadUtil.java:64)
at java.base/java.util.concurrent.FutureTask.run(FutureTask.java:264)
at java.base/java.util.concurrent.ThreadPoolExecutor.runWorker(ThreadPoolExecutor.java:1136)
at java.base/java.util.concurrent.ThreadPoolExecutor$Worker.run(ThreadPoolExecutor.java:635)
at java.base/java.lang.Thread.run(Thread.java:842)
]]>
    </error>
  </testcase> <!-- afterMethod -->
  <system-out/>
  <testcase classname="TestClass.Login_and_Add_DeleteUserTest" name="To_verify_application_allow_to_click_on_Disagree_button" time="12.207"/>
  <system-out/>
  <testcase classname="TestClass.Login_and_Add_DeleteUserTest" name="To_verify_application_allow_to_click_on_Privacy_Policy_Terms_and_Condition_link" time="13.464"/>
  <system-out/>
  <testcase classname="TestClass.Login_and_Add_DeleteUserTest" name="To_Verify_On_Acknowledgement_page_application_allow_to_click_on_Agree_button" time="14.382"/>
  <system-out/>
  <testcase classname="TestClass.Login_and_Add_DeleteUserTest" name="To_verify_application_allow_to_login_without_passing_username_password_data_in_input_fields" time="10.163"/>
  <system-out/>
  <testcase classname="TestClass.Login_and_Add_DeleteUserTest" name="To_verify_application_allow_to_click_on_Forgot_Password_link" time="12.153"/>
  <system-out/>
  <testcase classname="TestClass.Login_and_Add_DeleteUserTest" name="To_verify_application_allow_to_navigate_on_login_page" time="15.212"/>
  <system-out/>
  <testcase classname="TestClass.Login_and_Add_DeleteUserTest" name="To_verify_application_allow_to_pass_data_in_username_input_field" time="16.582"/>
  <system-out/>
  <testcase classname="TestClass.Login_and_Add_DeleteUserTest" name="To_verify_application_allow_to_pass_data_in_Password_input_field" time="12.492"/>
  <system-out/>
  <testcase classname="TestClass.Login_and_Add_DeleteUserTest" name="To_verify_application_allow_to_click_on_send_otp" time="12.155"/>
  <system-out/>
  <testcase classname="TestClass.Login_and_Add_DeleteUserTest" name="To_verify_after_passing_OTP_application_allow_to_click_on_login_button" time="10.021">
    <error message="invalid session id: session deleted as the browser has closed the connection
from disconnected: not connected to DevTools
  (Session info: chrome=134.0.6998.119)
Build info: version: &#039;3.141.59&#039;, revision: &#039;e82be7d358&#039;, time: &#039;2018-11-14T08:17:03&#039;
System info: host: &#039;DESKTOP-VR22DQU&#039;, ip: &#039;192.168.144.220&#039;, os.name: &#039;Windows 10&#039;, os.arch: &#039;amd64&#039;, os.version: &#039;10.0&#039;, java.version: &#039;17.0.11&#039;
Driver info: org.openqa.selenium.chrome.ChromeDriver
Capabilities {acceptInsecureCerts: false, browserName: chrome, browserVersion: 134.0.6998.119, chrome: {chromedriverVersion: 133.0.6943.98 (da53563ceb66..., userDataDir: C:\Users\XEEDO\AppData\Loca...}, fedcm:accounts: true, goog:chromeOptions: {debuggerAddress: localhost:53723}, javascriptEnabled: true, networkConnectionEnabled: false, pageLoadStrategy: normal, platform: WINDOWS, platformName: WINDOWS, proxy: Proxy(), setWindowRect: true, strictFileInteractability: false, timeouts: {implicit: 0, pageLoad: 300000, script: 30000}, unhandledPromptBehavior: dismiss and notify, webauthn:extension:credBlob: true, webauthn:extension:largeBlob: true, webauthn:extension:minPinLength: true, webauthn:extension:prf: true, webauthn:virtualAuthenticators: true}
Session ID: 8dc5bbb9eca75da95fcd2cca63670763
*** Element info: {Using=xpath, value=//button[text()=&#039;Login&#039;]}" type="org.openqa.selenium.NoSuchSessionException">
      <![CDATA[org.openqa.selenium.NoSuchSessionException: invalid session id: session deleted as the browser has closed the connection
from disconnected: not connected to DevTools
  (Session info: chrome=134.0.6998.119)
Build info: version: '3.141.59', revision: 'e82be7d358', time: '2018-11-14T08:17:03'
System info: host: 'DESKTOP-VR22DQU', ip: '192.168.144.220', os.name: 'Windows 10', os.arch: 'amd64', os.version: '10.0', java.version: '17.0.11'
Driver info: org.openqa.selenium.chrome.ChromeDriver
Capabilities {acceptInsecureCerts: false, browserName: chrome, browserVersion: 134.0.6998.119, chrome: {chromedriverVersion: 133.0.6943.98 (da53563ceb66..., userDataDir: C:\Users\XEEDO\AppData\Loca...}, fedcm:accounts: true, goog:chromeOptions: {debuggerAddress: localhost:53723}, javascriptEnabled: true, networkConnectionEnabled: false, pageLoadStrategy: normal, platform: WINDOWS, platformName: WINDOWS, proxy: Proxy(), setWindowRect: true, strictFileInteractability: false, timeouts: {implicit: 0, pageLoad: 300000, script: 30000}, unhandledPromptBehavior: dismiss and notify, webauthn:extension:credBlob: true, webauthn:extension:largeBlob: true, webauthn:extension:minPinLength: true, webauthn:extension:prf: true, webauthn:virtualAuthenticators: true}
Session ID: 8dc5bbb9eca75da95fcd2cca63670763
*** Element info: {Using=xpath, value=//button[text()='Login']}
at java.base/jdk.internal.reflect.NativeConstructorAccessorImpl.newInstance0(Native Method)
at java.base/jdk.internal.reflect.NativeConstructorAccessorImpl.newInstance(NativeConstructorAccessorImpl.java:77)
at java.base/jdk.internal.reflect.DelegatingConstructorAccessorImpl.newInstance(DelegatingConstructorAccessorImpl.java:45)
at java.base/java.lang.reflect.Constructor.newInstanceWithCaller(Constructor.java:499)
at java.base/java.lang.reflect.Constructor.newInstance(Constructor.java:480)
at org.openqa.selenium.remote.http.W3CHttpResponseCodec.createException(W3CHttpResponseCodec.java:187)
at org.openqa.selenium.remote.http.W3CHttpResponseCodec.decode(W3CHttpResponseCodec.java:122)
at org.openqa.selenium.remote.http.W3CHttpResponseCodec.decode(W3CHttpResponseCodec.java:49)
at org.openqa.selenium.remote.HttpCommandExecutor.execute(HttpCommandExecutor.java:158)
at org.openqa.selenium.remote.service.DriverCommandExecutor.execute(DriverCommandExecutor.java:83)
at org.openqa.selenium.remote.RemoteWebDriver.execute(RemoteWebDriver.java:552)
at org.openqa.selenium.remote.RemoteWebDriver.findElement(RemoteWebDriver.java:323)
at org.openqa.selenium.remote.RemoteWebDriver.findElementByXPath(RemoteWebDriver.java:428)
at org.openqa.selenium.By$ByXPath.findElement(By.java:353)
at org.openqa.selenium.remote.RemoteWebDriver.findElement(RemoteWebDriver.java:315)
at org.openqa.selenium.support.pagefactory.DefaultElementLocator.findElement(DefaultElementLocator.java:69)
at org.openqa.selenium.support.pagefactory.internal.LocatingElementHandler.invoke(LocatingElementHandler.java:38)
at jdk.proxy2/jdk.proxy2.$Proxy17.click(Unknown Source)
at PagePOM.LoginPage.ClickOnLoginButton(LoginPage.java:105)
at TestClass.Login_and_Add_DeleteUserTest.To_verify_after_passing_OTP_application_allow_to_click_on_login_button(Login_and_Add_DeleteUserTest.java:188)
at java.base/jdk.internal.reflect.NativeMethodAccessorImpl.invoke0(Native Method)
at java.base/jdk.internal.reflect.NativeMethodAccessorImpl.invoke(NativeMethodAccessorImpl.java:77)
at java.base/jdk.internal.reflect.DelegatingMethodAccessorImpl.invoke(DelegatingMethodAccessorImpl.java:43)
at java.base/java.lang.reflect.Method.invoke(Method.java:568)
at org.testng.internal.MethodInvocationHelper.invokeMethod(MethodInvocationHelper.java:133)
at org.testng.internal.TestInvoker.invokeMethod(TestInvoker.java:598)
at org.testng.internal.TestInvoker.invokeTestMethod(TestInvoker.java:173)
at org.testng.internal.MethodRunner.runInSequence(MethodRunner.java:46)
at org.testng.internal.TestInvoker$MethodInvocationAgent.invoke(TestInvoker.java:824)
at org.testng.internal.TestInvoker.invokeTestMethods(TestInvoker.java:146)
at org.testng.internal.TestMethodWorker.invokeTestMethods(TestMethodWorker.java:146)
at org.testng.internal.TestMethodWorker.run(TestMethodWorker.java:128)
at java.base/java.util.ArrayList.forEach(ArrayList.java:1511)
at org.testng.TestRunner.privateRun(TestRunner.java:794)
at org.testng.TestRunner.run(TestRunner.java:596)
at org.testng.SuiteRunner.runTest(SuiteRunner.java:377)
at org.testng.SuiteRunner.access$000(SuiteRunner.java:28)
at org.testng.SuiteRunner$SuiteWorker.run(SuiteRunner.java:418)
at org.testng.internal.thread.ThreadUtil.lambda$execute$0(ThreadUtil.java:64)
at java.base/java.util.concurrent.FutureTask.run(FutureTask.java:264)
at java.base/java.util.concurrent.ThreadPoolExecutor.runWorker(ThreadPoolExecutor.java:1136)
at java.base/java.util.concurrent.ThreadPoolExecutor$Worker.run(ThreadPoolExecutor.java:635)
at java.base/java.lang.Thread.run(Thread.java:842)
]]>
    </error>
  </testcase> <!-- To_verify_after_passing_OTP_application_allow_to_click_on_login_button -->
  <system-out/>
  <testcase classname="TestClass.Login_and_Add_DeleteUserTest" name="To_verify_application_allow_to_click_on_settings_and_then_User_management_tab" time="0.000">
    <skipped/>
  </testcase> <!-- To_verify_application_allow_to_click_on_settings_and_then_User_management_tab -->
  <system-out/>
  <testcase classname="TestClass.Login_and_Add_DeleteUserTest" name="To_verify_application_allow_to_click_on_add_user_button" time="0.000">
    <skipped/>
  </testcase> <!-- To_verify_application_allow_to_click_on_add_user_button -->
  <system-out/>
  <testcase classname="TestClass.Login_and_Add_DeleteUserTest" name="To_verify_application_allow_to_create_New_user_after_passing_valid_data_in_all_input_fields" time="0.000">
    <skipped/>
  </testcase> <!-- To_verify_application_allow_to_create_New_user_after_passing_valid_data_in_all_input_fields -->
  <system-out/>
  <testcase classname="TestClass.Login_and_Add_DeleteUserTest" name="To_verify_created_user_showing_in_user_list" time="0.000">
    <skipped/>
  </testcase> <!-- To_verify_created_user_showing_in_user_list -->
  <system-out/>
  <testcase classname="TestClass.Login_and_Add_DeleteUserTest" name="To_verify_search_functionality_if_we_pass_invalid_username_in_search_bar" time="0.000">
    <skipped/>
  </testcase> <!-- To_verify_search_functionality_if_we_pass_invalid_username_in_search_bar -->
  <system-out/>
  <testcase classname="TestClass.Login_and_Add_DeleteUserTest" name="To_verify_search_functionality_if_we_pass_valid_username_in_search_bar" time="0.000">
    <skipped/>
  </testcase> <!-- To_verify_search_functionality_if_we_pass_valid_username_in_search_bar -->
  <system-out/>
  <testcase classname="TestClass.Login_and_Add_DeleteUserTest" name="To_verify_application_showing_Unlock_user_in_account_status" time="0.000">
    <skipped/>
  </testcase> <!-- To_verify_application_showing_Unlock_user_in_account_status -->
  <system-out/>
  <testcase classname="TestClass.Login_and_Add_DeleteUserTest" name="To_verify_application_allow_to_delete_user" time="0.000">
    <skipped/>
  </testcase> <!-- To_verify_application_allow_to_delete_user -->
  <system-out/>
  <testcase classname="TestClass.Login_and_Add_DeleteUserTest" name="To_verify_application_allow_to_click_on_update_account_tab" time="0.000">
    <skipped/>
  </testcase> <!-- To_verify_application_allow_to_click_on_update_account_tab -->
  <system-out/>
  <testcase classname="TestClass.Login_and_Add_DeleteUserTest" name="To_verify_application_allow_to_click_on_edit_button" time="0.000">
    <skipped/>
  </testcase> <!-- To_verify_application_allow_to_click_on_edit_button -->
  <system-out/>
  <testcase classname="TestClass.Login_and_Add_DeleteUserTest" name="To_verify_whether_application_allows_editing_data_in_customer_care_field_and_updates_it_successfully_or_not" time="0.000">
    <skipped/>
  </testcase> <!-- To_verify_whether_application_allows_editing_data_in_customer_care_field_and_updates_it_successfully_or_not -->
  <system-out/>
  <testcase classname="TestClass.Login_and_Add_DeleteUserTest" name="To_verify_whether_application_allows_editing_data_in_the_logo_input_field_and_updates_it_successfully_or_not" time="0.000">
    <skipped/>
  </testcase> <!-- To_verify_whether_application_allows_editing_data_in_the_logo_input_field_and_updates_it_successfully_or_not -->
  <system-out/>
  <testcase classname="TestClass.Login_and_Add_DeleteUserTest" name="To_verify_application_allow_to_click_on_change_password_tab" time="0.000">
    <skipped/>
  </testcase> <!-- To_verify_application_allow_to_click_on_change_password_tab -->
  <system-out/>
  <testcase classname="TestClass.Login_and_Add_DeleteUserTest" name="To_verify_application_allow_to_click_and_pass_data_in_current_password_input_field" time="0.000">
    <skipped/>
  </testcase> <!-- To_verify_application_allow_to_click_and_pass_data_in_current_password_input_field -->
  <system-out/>
  <testcase classname="TestClass.Login_and_Add_DeleteUserTest" name="To_verify_application_allow_to_click_and_pass_data_in_new_password_input_field" time="0.000">
    <skipped/>
  </testcase> <!-- To_verify_application_allow_to_click_and_pass_data_in_new_password_input_field -->
  <system-out/>
  <testcase classname="TestClass.Login_and_Add_DeleteUserTest" name="To_verify_change_password_functionality_if_we_pass_invalid_current_password_while_changing_password" time="0.000">
    <skipped/>
  </testcase> <!-- To_verify_change_password_functionality_if_we_pass_invalid_current_password_while_changing_password -->
  <system-out/>
  <testcase classname="TestClass.Login_and_Add_DeleteUserTest" name="To_verify_change_password_functionality_if_we_pass_valid_data_in_all_fields" time="0.000">
    <skipped/>
  </testcase> <!-- To_verify_change_password_functionality_if_we_pass_valid_data_in_all_fields -->
  <system-out/>
</testsuite> <!-- TestClass.Login_and_Add_DeleteUserTest -->
