<?xml version="1.0" encoding="UTF-8"?>
<!-- Generated by org.testng.reporters.JUnitReportReporter -->
<testsuite hostname="DESKTOP-VR22DQU" failures="0" tests="25" name="TestClass.DeviceOnboardTest" time="0.006" errors="1" timestamp="2025-03-22T21:29:36 IST" skipped="24">
  <testcase classname="TestClass.DeviceOnboardTest" name="Open_the_Application" time="0.006">
    <error message="invalid session id: session deleted as the browser has closed the connection
from disconnected: not connected to DevTools
  (Session info: chrome=134.0.6998.119)
Build info: version: &#039;3.141.59&#039;, revision: &#039;e82be7d358&#039;, time: &#039;2018-11-14T08:17:03&#039;
System info: host: &#039;DESKTOP-VR22DQU&#039;, ip: &#039;192.168.144.220&#039;, os.name: &#039;Windows 10&#039;, os.arch: &#039;amd64&#039;, os.version: &#039;10.0&#039;, java.version: &#039;17.0.11&#039;
Driver info: org.openqa.selenium.chrome.ChromeDriver
Capabilities {acceptInsecureCerts: false, browserName: chrome, browserVersion: 134.0.6998.119, chrome: {chromedriverVersion: 133.0.6943.98 (da53563ceb66..., userDataDir: C:\Users\XEEDO\AppData\Loca...}, fedcm:accounts: true, goog:chromeOptions: {debuggerAddress: localhost:53709}, javascriptEnabled: true, networkConnectionEnabled: false, pageLoadStrategy: normal, platform: WINDOWS, platformName: WINDOWS, proxy: Proxy(), setWindowRect: true, strictFileInteractability: false, timeouts: {implicit: 0, pageLoad: 300000, script: 30000}, unhandledPromptBehavior: dismiss and notify, webauthn:extension:credBlob: true, webauthn:extension:largeBlob: true, webauthn:extension:minPinLength: true, webauthn:extension:prf: true, webauthn:virtualAuthenticators: true}
Session ID: 42e13a6be838d0487982e568264523b3" type="org.openqa.selenium.NoSuchSessionException">
      <![CDATA[org.openqa.selenium.NoSuchSessionException: invalid session id: session deleted as the browser has closed the connection
from disconnected: not connected to DevTools
  (Session info: chrome=134.0.6998.119)
Build info: version: '3.141.59', revision: 'e82be7d358', time: '2018-11-14T08:17:03'
System info: host: 'DESKTOP-VR22DQU', ip: '192.168.144.220', os.name: 'Windows 10', os.arch: 'amd64', os.version: '10.0', java.version: '17.0.11'
Driver info: org.openqa.selenium.chrome.ChromeDriver
Capabilities {acceptInsecureCerts: false, browserName: chrome, browserVersion: 134.0.6998.119, chrome: {chromedriverVersion: 133.0.6943.98 (da53563ceb66..., userDataDir: C:\Users\XEEDO\AppData\Loca...}, fedcm:accounts: true, goog:chromeOptions: {debuggerAddress: localhost:53709}, javascriptEnabled: true, networkConnectionEnabled: false, pageLoadStrategy: normal, platform: WINDOWS, platformName: WINDOWS, proxy: Proxy(), setWindowRect: true, strictFileInteractability: false, timeouts: {implicit: 0, pageLoad: 300000, script: 30000}, unhandledPromptBehavior: dismiss and notify, webauthn:extension:credBlob: true, webauthn:extension:largeBlob: true, webauthn:extension:minPinLength: true, webauthn:extension:prf: true, webauthn:virtualAuthenticators: true}
Session ID: 42e13a6be838d0487982e568264523b3
at java.base/jdk.internal.reflect.NativeConstructorAccessorImpl.newInstance0(Native Method)
at java.base/jdk.internal.reflect.NativeConstructorAccessorImpl.newInstance(NativeConstructorAccessorImpl.java:77)
at java.base/jdk.internal.reflect.DelegatingConstructorAccessorImpl.newInstance(DelegatingConstructorAccessorImpl.java:45)
at java.base/java.lang.reflect.Constructor.newInstanceWithCaller(Constructor.java:499)
at java.base/java.lang.reflect.Constructor.newInstance(Constructor.java:480)
at org.openqa.selenium.remote.http.W3CHttpResponseCodec.createException(W3CHttpResponseCodec.java:187)
at org.openqa.selenium.remote.http.W3CHttpResponseCodec.decode(W3CHttpResponseCodec.java:122)
at org.openqa.selenium.remote.http.W3CHttpResponseCodec.decode(W3CHttpResponseCodec.java:49)
at org.openqa.selenium.remote.HttpCommandExecutor.execute(HttpCommandExecutor.java:158)
at org.openqa.selenium.remote.service.DriverCommandExecutor.execute(DriverCommandExecutor.java:83)
at org.openqa.selenium.remote.RemoteWebDriver.execute(RemoteWebDriver.java:552)
at org.openqa.selenium.remote.RemoteWebDriver.get(RemoteWebDriver.java:277)
at TestClass.DeviceOnboardTest.Open_the_Application(DeviceOnboardTest.java:74)
at java.base/jdk.internal.reflect.NativeMethodAccessorImpl.invoke0(Native Method)
at java.base/jdk.internal.reflect.NativeMethodAccessorImpl.invoke(NativeMethodAccessorImpl.java:77)
at java.base/jdk.internal.reflect.DelegatingMethodAccessorImpl.invoke(DelegatingMethodAccessorImpl.java:43)
at java.base/java.lang.reflect.Method.invoke(Method.java:568)
at org.testng.internal.MethodInvocationHelper.invokeMethod(MethodInvocationHelper.java:133)
at org.testng.internal.MethodInvocationHelper.invokeMethodConsideringTimeout(MethodInvocationHelper.java:62)
at org.testng.internal.ConfigInvoker.invokeConfigurationMethod(ConfigInvoker.java:385)
at org.testng.internal.ConfigInvoker.invokeConfigurations(ConfigInvoker.java:321)
at org.testng.internal.TestInvoker.runConfigMethods(TestInvoker.java:700)
at org.testng.internal.TestInvoker.invokeMethod(TestInvoker.java:527)
at org.testng.internal.TestInvoker.invokeTestMethod(TestInvoker.java:173)
at org.testng.internal.MethodRunner.runInSequence(MethodRunner.java:46)
at org.testng.internal.TestInvoker$MethodInvocationAgent.invoke(TestInvoker.java:824)
at org.testng.internal.TestInvoker.invokeTestMethods(TestInvoker.java:146)
at org.testng.internal.TestMethodWorker.invokeTestMethods(TestMethodWorker.java:146)
at org.testng.internal.TestMethodWorker.run(TestMethodWorker.java:128)
at java.base/java.util.ArrayList.forEach(ArrayList.java:1511)
at org.testng.TestRunner.privateRun(TestRunner.java:794)
at org.testng.TestRunner.run(TestRunner.java:596)
at org.testng.SuiteRunner.runTest(SuiteRunner.java:377)
at org.testng.SuiteRunner.access$000(SuiteRunner.java:28)
at org.testng.SuiteRunner$SuiteWorker.run(SuiteRunner.java:418)
at org.testng.internal.thread.ThreadUtil.lambda$execute$0(ThreadUtil.java:64)
at java.base/java.util.concurrent.FutureTask.run(FutureTask.java:264)
at java.base/java.util.concurrent.ThreadPoolExecutor.runWorker(ThreadPoolExecutor.java:1136)
at java.base/java.util.concurrent.ThreadPoolExecutor$Worker.run(ThreadPoolExecutor.java:635)
at java.base/java.lang.Thread.run(Thread.java:842)
]]>
    </error>
  </testcase> <!-- Open_the_Application -->
  <system-out/>
  <testcase classname="TestClass.DeviceOnboardTest" name="To_Verify_On_Acknowledgement_page_application_allow_to_click_on_Agree_button" time="0.000">
    <skipped/>
  </testcase> <!-- To_Verify_On_Acknowledgement_page_application_allow_to_click_on_Agree_button -->
  <system-out/>
  <testcase classname="TestClass.DeviceOnboardTest" name="To_Verify_The_login_functionality_after_changing_password" time="0.000">
    <skipped/>
  </testcase> <!-- To_Verify_The_login_functionality_after_changing_password -->
  <system-out/>
  <testcase classname="TestClass.DeviceOnboardTest" name="To_Verify_Search_functionality_by_passing_imei" time="0.000">
    <skipped/>
  </testcase> <!-- To_Verify_Search_functionality_by_passing_imei -->
  <system-out/>
  <testcase classname="TestClass.DeviceOnboardTest" name="To_verify_after_search_imei_is_reset_button_working_as_expected" time="0.000">
    <skipped/>
  </testcase> <!-- To_verify_after_search_imei_is_reset_button_working_as_expected -->
  <system-out/>
  <testcase classname="TestClass.DeviceOnboardTest" name="To_verify_application_allow_to_click_on_device_onboard_tab" time="0.000">
    <skipped/>
  </testcase> <!-- To_verify_application_allow_to_click_on_device_onboard_tab -->
  <system-out/>
  <testcase classname="TestClass.DeviceOnboardTest" name="To_verify_application_allow_to_enter_data_in_imei1_input_field" time="0.000">
    <skipped/>
  </testcase> <!-- To_verify_application_allow_to_enter_data_in_imei1_input_field -->
  <system-out/>
  <testcase classname="TestClass.DeviceOnboardTest" name="To_verify_application_allow_to_enter_data_in_imei2_input_field" time="0.000">
    <skipped/>
  </testcase> <!-- To_verify_application_allow_to_enter_data_in_imei2_input_field -->
  <system-out/>
  <testcase classname="TestClass.DeviceOnboardTest" name="To_verify_application_allow_to_enter_data_in_manufacture_input_field" time="0.000">
    <skipped/>
  </testcase> <!-- To_verify_application_allow_to_enter_data_in_manufacture_input_field -->
  <system-out/>
  <testcase classname="TestClass.DeviceOnboardTest" name="To_verify_application_allow_to_select_device_type" time="0.000">
    <skipped/>
  </testcase> <!-- To_verify_application_allow_to_select_device_type -->
  <system-out/>
  <testcase classname="TestClass.DeviceOnboardTest" name="To_verify_Is_application_allow_to_enroll_alreday_exists_device_on_portal" time="0.000">
    <skipped/>
  </testcase> <!-- To_verify_Is_application_allow_to_enroll_alreday_exists_device_on_portal -->
  <system-out/>
  <testcase classname="TestClass.DeviceOnboardTest" name="To_verify_Is_application_allow_to_click_on_device_list_tab" time="0.000">
    <skipped/>
  </testcase> <!-- To_verify_Is_application_allow_to_click_on_device_list_tab -->
  <system-out/>
  <testcase classname="TestClass.DeviceOnboardTest" name="To_verify_Is_application_allow_to_click_on_action_option" time="0.000">
    <skipped/>
  </testcase> <!-- To_verify_Is_application_allow_to_click_on_action_option -->
  <system-out/>
  <testcase classname="TestClass.DeviceOnboardTest" name="To_verify_application_allow_to_click_on_view_device_option_via_action" time="0.000">
    <skipped/>
  </testcase> <!-- To_verify_application_allow_to_click_on_view_device_option_via_action -->
  <system-out/>
  <testcase classname="TestClass.DeviceOnboardTest" name="To_verify_on_view_device_page_application_allow_to_click_on_close_button" time="0.000">
    <skipped/>
  </testcase> <!-- To_verify_on_view_device_page_application_allow_to_click_on_close_button -->
  <system-out/>
  <testcase classname="TestClass.DeviceOnboardTest" name="To_verify_application_allow_to_send_reboot_device_command_to_device_via_action" time="0.000">
    <skipped/>
  </testcase> <!-- To_verify_application_allow_to_send_reboot_device_command_to_device_via_action -->
  <system-out/>
  <testcase classname="TestClass.DeviceOnboardTest" name="To_verify_application_allow_to_send_wipe_data_command_to_device_via_action" time="0.000">
    <skipped/>
  </testcase> <!-- To_verify_application_allow_to_send_wipe_data_command_to_device_via_action -->
  <system-out/>
  <testcase classname="TestClass.DeviceOnboardTest" name="To_verify_application_allow_to_send_lock_command_to_device_via_action" time="0.000">
    <skipped/>
  </testcase> <!-- To_verify_application_allow_to_send_lock_command_to_device_via_action -->
  <system-out/>
  <testcase classname="TestClass.DeviceOnboardTest" name="To_verify_application_allow_to_send_Unlock_command_to_device_via_action" time="0.000">
    <skipped/>
  </testcase> <!-- To_verify_application_allow_to_send_Unlock_command_to_device_via_action -->
  <system-out/>
  <testcase classname="TestClass.DeviceOnboardTest" name="To_verify_application_allow_to_click_on_view_command_status_via_action" time="0.000">
    <skipped/>
  </testcase> <!-- To_verify_application_allow_to_click_on_view_command_status_via_action -->
  <system-out/>
  <testcase classname="TestClass.DeviceOnboardTest" name="To_verify_on_view_command_status_page_application_allow_to_click_on_close_button" time="0.000">
    <skipped/>
  </testcase> <!-- To_verify_on_view_command_status_page_application_allow_to_click_on_close_button -->
  <system-out/>
  <testcase classname="TestClass.DeviceOnboardTest" name="To_verify_is_application_allow_to_click_on_command_history_tab" time="0.000">
    <skipped/>
  </testcase> <!-- To_verify_is_application_allow_to_click_on_command_history_tab -->
  <system-out/>
  <testcase classname="TestClass.DeviceOnboardTest" name="To_verify_after_search_imei_then_command_history_show_for_specific_device" time="0.000">
    <skipped/>
  </testcase> <!-- To_verify_after_search_imei_then_command_history_show_for_specific_device -->
  <system-out/>
  <testcase classname="TestClass.DeviceOnboardTest" name="To_Verify_application_allow_to_click_on_broadcast_message_tab" time="0.000">
    <skipped/>
  </testcase> <!-- To_Verify_application_allow_to_click_on_broadcast_message_tab -->
  <system-out/>
  <testcase classname="TestClass.DeviceOnboardTest" name="To_verify_application_allow_to_create_broadcast_message" time="0.000">
    <skipped/>
  </testcase> <!-- To_verify_application_allow_to_create_broadcast_message -->
  <system-out/>
</testsuite> <!-- TestClass.DeviceOnboardTest -->
