<?xml version="1.0" encoding="UTF-8"?>
<!-- Generated by org.testng.reporters.JUnitReportReporter -->
<testsuite hostname="DESKTOP-VR22DQU" failures="0" tests="5" name="TestClass.Login" time="-1716020224.000" errors="1" timestamp="2024-05-18T13:46:02 IST" skipped="4">
  <testcase classname="TestClass.Login" name="OpenBrowser" time="-1716020224.000">
    <error message="
Parameter &#039;browser&#039; is required by BeforeTest on method OpenBrowser but has not been marked @Optional or defined
in C:\Users\XEEDO\AppData\Local\Temp\testng-eclipse--492929759\testng-customsuite.xml" type="org.testng.TestNGException">
      <![CDATA[org.testng.TestNGException: 
Parameter 'browser' is required by BeforeTest on method OpenBrowser but has not been marked @Optional or defined
in C:\Users\XEEDO\AppData\Local\Temp\testng-eclipse--492929759\testng-customsuite.xml
at org.testng.internal.Parameters.createParams(Parameters.java:270)
at org.testng.internal.Parameters.createParametersForMethod(Parameters.java:358)
at org.testng.internal.Parameters.createParameters(Parameters.java:700)
at org.testng.internal.Parameters.createConfigurationParameters(Parameters.java:168)
at org.testng.internal.ConfigInvoker.invokeConfigurations(ConfigInvoker.java:302)
at org.testng.TestRunner.invokeTestConfigurations(TestRunner.java:637)
at org.testng.TestRunner.beforeRun(TestRunner.java:627)
at org.testng.TestRunner.run(TestRunner.java:589)
at org.testng.SuiteRunner.runTest(SuiteRunner.java:377)
at org.testng.SuiteRunner.runSequentially(SuiteRunner.java:371)
at org.testng.SuiteRunner.privateRun(SuiteRunner.java:332)
at org.testng.SuiteRunner.run(SuiteRunner.java:276)
at org.testng.SuiteRunnerWorker.runSuite(SuiteRunnerWorker.java:53)
at org.testng.SuiteRunnerWorker.run(SuiteRunnerWorker.java:96)
at org.testng.TestNG.runSuitesSequentially(TestNG.java:1212)
at org.testng.TestNG.runSuitesLocally(TestNG.java:1134)
at org.testng.TestNG.runSuites(TestNG.java:1063)
at org.testng.TestNG.run(TestNG.java:1031)
at org.testng.remote.AbstractRemoteTestNG.run(AbstractRemoteTestNG.java:115)
at org.testng.remote.RemoteTestNG.initAndRun(RemoteTestNG.java:293)
at org.testng.remote.RemoteTestNG.main(RemoteTestNG.java:91)
]]>
    </error>
  </testcase> <!-- OpenBrowser -->
  <system-out/>
  <testcase classname="TestClass.Login" name="Verify_The_Title_of_Login_Page" time="0.000">
    <skipped/>
  </testcase> <!-- Verify_The_Title_of_Login_Page -->
  <system-out/>
  <testcase classname="TestClass.Login" name="Verify_The_Username_pass" time="0.000">
    <skipped/>
  </testcase> <!-- Verify_The_Username_pass -->
  <system-out/>
  <testcase classname="TestClass.Login" name="Verify_The_Password_pass" time="0.000">
    <skipped/>
  </testcase> <!-- Verify_The_Password_pass -->
  <system-out/>
  <testcase classname="TestClass.Login" name="Verify_The_click_on_login_button" time="0.000">
    <skipped/>
  </testcase> <!-- Verify_The_click_on_login_button -->
  <system-out/>
</testsuite> <!-- TestClass.Login -->
